#
# A fatal error has been detected by the Java Runtime Environment:
#
#  EXCEPTION_ACCESS_VIOLATION (0xc0000005) at pc=0x00007ffc559762de, pid=14756, tid=932
#
# JRE version: OpenJDK Runtime Environment (11.0.4+11) (build 11.0.4+11)
# Java VM: OpenJDK 64-Bit Server VM (11.0.4+11, mixed mode, tiered, compressed oops, g1 gc, windows-amd64)
# Problematic frame:
# C  [ig9icd64.dll+0x1862de]
#
# No core dump will be written. Minidumps are not enabled by default on client versions of Windows
#
# If you would like to submit a bug report, please visit:
#   https://github.com/AdoptOpenJDK/openjdk-build/issues
# The crash happened outside the Java Virtual Machine in native code.
# See problematic frame for where to report the bug.
#

---------------  S U M M A R Y ------------

Command Line: -XX:+DisableAttachMechanism -Drunelite.launcher.nojvm=true -Xmx512m -Xss2m -XX:CompileThreshold=1500 -Djna.nosys=true -Dsun.java2d.noddraw=false -Dsun.java2d.opengl=false -Djava.net.preferIPv4Stack=true -Djava.net.preferIPv4Addresses=true -Drunelite.launcher.version=2.0.2 -XX:ErrorFile=C:\Users\Crayo\.runelite\logs\jvm_crash_pid_%p.log 

Host: Intel(R) Core(TM) i7-8565U CPU @ 1.80GHz, 8 cores, 15G,  Windows 10 , 64 bit Build 17763 (10.0.17763.475)
Time: Mon Feb 24 15:59:18 2020 W. Europe Standard Time elapsed time: 206 seconds (0d 0h 3m 26s)

---------------  T H R E A D  ---------------

Current thread (0x000002bcf41c1000):  JavaThread "Client" daemon [_thread_in_native, id=932, stack(0x000000dc27b80000,0x000000dc27d80000)]

Stack: [0x000000dc27b80000,0x000000dc27d80000],  sp=0x000000dc27d7e4d0,  free space=2041k
Native frames: (J=compiled Java code, j=interpreted, Vv=VM code, C=native code)
C  [ig9icd64.dll+0x1862de]

Java frames: (J=compiled Java code, j=interpreted, Vv=VM code)
J 8190  jogamp.opengl.gl4.GL4bcImpl.dispatch_glTexSubImage2D1(IIIIIIIILjava/lang/Object;IZJ)V (0 bytes) @ 0x000002bce027e359 [0x000002bce027e2c0+0x0000000000000099]
J 8840 c2 net.runelite.client.plugins.gpu.GpuPlugin.drawUi(II)V (551 bytes) @ 0x000002bce0387a24 [0x000002bce03875e0+0x0000000000000444]
J 8547 c2 net.runelite.client.plugins.gpu.GpuPlugin.draw()V (2665 bytes) @ 0x000002bce02dfd50 [0x000002bce02dde00+0x0000000000001f50]
j  bf.cg(Ljava/lang/Object;)V+9
j  bf.g(Ljava/lang/Object;I)V+2
j  bf.run()V+375
j  java.lang.Thread.run()V+11 java.base@11.0.4
v  ~StubRoutines::call_stub

siginfo: EXCEPTION_ACCESS_VIOLATION (0xc0000005), reading address 0x0000000000000008


Register to memory mapping:

RIP=0x00007ffc559762de ig9icd64.dll
RAX=0x0 is NULL
RBX=0x00007ffc55cd0a50 ig9icd64.dll
RCX=0x000002bcfd7c61a0 points into unknown readable memory: 00 00 00 00 00 ff ff ff
RDX=0x000002bcfa063040 points into unknown readable memory: c0 45 3f ff bc 02 00 00
RSP=0x000000dc27d7e4d0 is pointing into the stack for thread: 0x000002bcf41c1000
RBP=0x000000dc27d7e750 is pointing into the stack for thread: 0x000002bcf41c1000
RSI=0x000000dc27d7e710 is pointing into the stack for thread: 0x000002bcf41c1000
RDI=0x0 is NULL
R8 =0x0000000009770000 is an unknown value
R9 =0x0 is NULL
R10=0x000000dc27d7e890 is pointing into the stack for thread: 0x000002bcf41c1000
R11=0x000000dc27d7e678 is pointing into the stack for thread: 0x000002bcf41c1000
R12=0x0000000000000007 is an unknown value
R13=0x0000000000000c00 is an unknown value
R14=0x000000dc27d7e9e0 is pointing into the stack for thread: 0x000002bcf41c1000
R15=0x0000000027d7e790 is an unknown value


Registers:
RAX=0x0000000000000000, RBX=0x00007ffc55cd0a50, RCX=0x000002bcfd7c61a0, RDX=0x000002bcfa063040
RSP=0x000000dc27d7e4d0, RBP=0x000000dc27d7e750, RSI=0x000000dc27d7e710, RDI=0x0000000000000000
R8 =0x0000000009770000, R9 =0x0000000000000000, R10=0x000000dc27d7e890, R11=0x000000dc27d7e678
R12=0x0000000000000007, R13=0x0000000000000c00, R14=0x000000dc27d7e9e0, R15=0x0000000027d7e790
RIP=0x00007ffc559762de, EFLAGS=0x0000000000010246

Top of Stack: (sp=0x000000dc27d7e4d0)
0x000000dc27d7e4d0:   000002bcfa063040 00007ffc55b8cb30
0x000000dc27d7e4e0:   000002bcfb1b1820 000002bcfa063040
0x000000dc27d7e4f0:   0000000000000000 000000dc27d7e608
0x000000dc27d7e500:   0000000000000000 000000dc27d7e750
0x000000dc27d7e510:   000000dc27d7e540 000000dc27d7e580
0x000000dc27d7e520:   000000dc27d7e5c8 000000dc27d7e550
0x000000dc27d7e530:   000000dc27d7e5e8 000000dc27d7e560
0x000000dc27d7e540:   000000dc27d7e600 0000000000000388
0x000000dc27d7e550:   000002bcf9e65ed0 000002bcf9e65ed0
0x000000dc27d7e560:   000002bcf85f5680 000002bcf85f5958
0x000000dc27d7e570:   000002bcfedb2720 00007ffc5609f37c
0x000000dc27d7e580:   000002bcf9eeb060 000002bc00000000
0x000000dc27d7e590:   000002bcf85f5680 00007ffc98fe2b70
0x000000dc27d7e5a0:   000000dc27d7e790 000000dc27d7e890
0x000000dc27d7e5b0:   000002bcfedb34d0 000002bcfedb34d0
0x000000dc27d7e5c0:   0000000000000000 000002bcfedb2720 

Instructions: (pc=0x00007ffc559762de)
0x00007ffc559761de:   1c 25 ff ff ff f9 0f ba e8 1b 0f ba f0 17 0d 00
0x00007ffc559761ee:   00 40 01 89 46 1c 0f ba f0 13 0d 00 00 30 00 41
0x00007ffc559761fe:   c1 e0 10 44 33 c0 41 81 e0 00 00 07 00 44 33 c0
0x00007ffc5597620e:   44 89 46 1c 81 65 1c ff ff 77 f9 81 4d 1c 00 00
0x00007ffc5597621e:   77 09 41 80 be 91 00 00 00 00 75 3b 41 0f b7 46
0x00007ffc5597622e:   36 b9 ff 01 00 00 66 3b c1 74 10 81 26 ff ff 03
0x00007ffc5597623e:   f0 25 ff 03 00 00 c1 e0 12 09 06 41 0f b7 46 38
0x00007ffc5597624e:   66 3b c1 74 12 81 65 00 ff ff 03 f0 25 ff 03 00
0x00007ffc5597625e:   00 c1 e0 12 09 45 00 49 8b 46 08 33 ff 48 8b 50
0x00007ffc5597626e:   18 48 8b 8a a0 bc 02 00 48 85 c9 0f 84 f3 00 00
0x00007ffc5597627e:   00 39 39 75 08 8b 82 80 1b 00 00 eb 06 8b 81 48
0x00007ffc5597628e:   01 00 00 83 f8 0f 0f 83 d8 00 00 00 48 8b 84 c1
0x00007ffc5597629e:   c0 01 00 00 48 85 c0 0f 84 c7 00 00 00 48 8b 80
0x00007ffc559762ae:   98 00 00 00 48 85 c0 74 24 48 8b 88 90 00 00 00
0x00007ffc559762be:   48 85 c9 74 06 48 8b 41 20 eb 15 48 8b 80 98 00
0x00007ffc559762ce:   00 00 48 85 c0 74 06 48 8b 40 20 eb 03 48 8b c7
0x00007ffc559762de:   48 8b 78 08 48 85 ff 0f 84 85 00 00 00 48 8b 07
0x00007ffc559762ee:   48 8b 98 80 01 00 00 48 8b cb ff 15 12 f3 7f 00
0x00007ffc559762fe:   48 8b cf ff d3 3d 5d 01 00 00 75 66 81 26 ff ff
0x00007ffc5597630e:   97 f6 81 0e 00 00 94 06 48 8b 07 48 8b 98 70 02
0x00007ffc5597631e:   00 00 48 8b cb ff 15 e7 f2 7f 00 ba 02 00 00 00
0x00007ffc5597632e:   48 8b cf ff d3 81 66 18 00 c0 ff ff 25 ff 3f 00
0x00007ffc5597633e:   00 09 46 18 8b 46 1c 0f ba f0 1a 0d 00 00 00 0a
0x00007ffc5597634e:   0f ba f0 16 0d 00 00 80 01 25 ff ff e7 ff 0f ba
0x00007ffc5597635e:   e8 15 89 46 1c 41 83 fc 07 b8 08 00 00 00 44 0f
0x00007ffc5597636e:   44 e0 33 ff 41 80 7e 3a 00 0f 84 ee 00 00 00 49
0x00007ffc5597637e:   8b 4e 08 4c 8d 8c 24 00 01 00 00 49 8b 56 40 45
0x00007ffc5597638e:   0f b7 46 48 48 8b 49 18 48 8b 5a 20 e8 31 36 02
0x00007ffc5597639e:   00 0f b6 8c 24 00 02 00 00 41 0f b6 46 58 c6 84
0x00007ffc559763ae:   24 c0 00 00 00 00 48 89 bc 24 b8 00 00 00 c7 84
0x00007ffc559763be:   24 b0 00 00 00 02 00 00 00 88 8c 24 a8 00 00 00
0x00007ffc559763ce:   0f b6 8c 24 f8 01 00 00 88 8c 24 a0 00 00 00 48 


Stack slot to memory mapping:
stack at sp + 0 slots: 0x000002bcfa063040 points into unknown readable memory: c0 45 3f ff bc 02 00 00
stack at sp + 1 slots: 0x00007ffc55b8cb30 ig9icd64.dll
stack at sp + 2 slots: 0x000002bcfb1b1820 points into unknown readable memory: 00 00 00 00 00 00 00 00
stack at sp + 3 slots: 0x000002bcfa063040 points into unknown readable memory: c0 45 3f ff bc 02 00 00
stack at sp + 4 slots: 0x0 is NULL
stack at sp + 5 slots: 0x000000dc27d7e608 is pointing into the stack for thread: 0x000002bcf41c1000
stack at sp + 6 slots: 0x0 is NULL
stack at sp + 7 slots: 0x000000dc27d7e750 is pointing into the stack for thread: 0x000002bcf41c1000


---------------  P R O C E S S  ---------------

Threads class SMR info:
_java_thread_list=0x000002bcfbbf37e0, length=31, elements={
0x000002bcd2948800, 0x000002bcebb71800, 0x000002bcebb7a800, 0x000002bcec393000,
0x000002bcec397000, 0x000002bcec3a0800, 0x000002bcec3a4800, 0x000002bcec516800,
0x000002bcec528000, 0x000002bcf284a800, 0x000002bcf2786000, 0x000002bcf2786800,
0x000002bcf2833800, 0x000002bcf2800800, 0x000002bcf65ee000, 0x000002bcf68a1800,
0x000002bcf41bd800, 0x000002bcf41c0000, 0x000002bcf41c1000, 0x000002bcf41c1800,
0x000002bcf41c2800, 0x000002bcf6660800, 0x000002bcf665e800, 0x000002bcf665e000,
0x000002bcf6661000, 0x000002bcf6667800, 0x000002bcf6669000, 0x000002bcf666b000,
0x000002bcf41c3000, 0x000002bcf41c4000, 0x000002bcf6662000
}

Java Threads: ( => current thread )
  0x000002bcd2948800 JavaThread "main" [_thread_blocked, id=14472, stack(0x000000dc1f000000,0x000000dc1f4d0000)]
  0x000002bcebb71800 JavaThread "Reference Handler" daemon [_thread_blocked, id=8188, stack(0x000000dc22020000,0x000000dc22220000)]
  0x000002bcebb7a800 JavaThread "Finalizer" daemon [_thread_blocked, id=7744, stack(0x000000dc22220000,0x000000dc22420000)]
  0x000002bcec393000 JavaThread "Signal Dispatcher" daemon [_thread_blocked, id=16300, stack(0x000000dc22420000,0x000000dc22620000)]
  0x000002bcec397000 JavaThread "C2 CompilerThread0" daemon [_thread_blocked, id=1812, stack(0x000000dc22620000,0x000000dc22af0000)]
  0x000002bcec3a0800 JavaThread "C1 CompilerThread0" daemon [_thread_blocked, id=6816, stack(0x000000dc22af0000,0x000000dc22fc0000)]
  0x000002bcec3a4800 JavaThread "Sweeper thread" daemon [_thread_blocked, id=3404, stack(0x000000dc22fc0000,0x000000dc231c0000)]
  0x000002bcec516800 JavaThread "Service Thread" daemon [_thread_blocked, id=12996, stack(0x000000dc231c0000,0x000000dc233c0000)]
  0x000002bcec528000 JavaThread "Common-Cleaner" daemon [_thread_blocked, id=7796, stack(0x000000dc23890000,0x000000dc23a90000)]
  0x000002bcf284a800 JavaThread "Java2D Disposer" daemon [_thread_blocked, id=15816, stack(0x000000dc23a90000,0x000000dc23c90000)]
  0x000002bcf2786000 JavaThread "AWT-Shutdown" [_thread_blocked, id=15864, stack(0x000000dc23c90000,0x000000dc23e90000)]
  0x000002bcf2786800 JavaThread "AWT-Windows" daemon [_thread_in_native, id=6980, stack(0x000000dc23e90000,0x000000dc24090000)]
  0x000002bcf2833800 JavaThread "AWT-EventQueue-0" [_thread_blocked, id=6344, stack(0x000000dc24090000,0x000000dc24290000)]
  0x000002bcf2800800 JavaThread "TimerQueue" daemon [_thread_blocked, id=4388, stack(0x000000dc24290000,0x000000dc24490000)]
  0x000002bcf65ee000 JavaThread "OkHttp ConnectionPool" daemon [_thread_blocked, id=9388, stack(0x000000dc28520000,0x000000dc28720000)]
  0x000002bcf68a1800 JavaThread "pool-3-thread-1" [_thread_blocked, id=9724, stack(0x000000dc28920000,0x000000dc28b20000)]
  0x000002bcf41bd800 JavaThread "OkHttp api.runelite.net" [_thread_in_native, id=6252, stack(0x000000dc24490000,0x000000dc24690000)]
  0x000002bcf41c0000 JavaThread "Thread-2" daemon [_thread_blocked, id=12884, stack(0x000000dc27980000,0x000000dc27b80000)]
=>0x000002bcf41c1000 JavaThread "Client" daemon [_thread_in_native, id=932, stack(0x000000dc27b80000,0x000000dc27d80000)]
  0x000002bcf41c1800 JavaThread "Thread-4" daemon [_thread_blocked, id=7720, stack(0x000000dc28d20000,0x000000dc28f20000)]
  0x000002bcf41c2800 JavaThread "Substance heap status" daemon [_thread_blocked, id=1036, stack(0x000000dc29990000,0x000000dc29b90000)]
  0x000002bcf6660800 JavaThread "Thread-7" daemon [_thread_blocked, id=1636, stack(0x000000dc2ac00000,0x000000dc2ae00000)]
  0x000002bcf665e800 JavaThread "Trident callback thread" daemon [_thread_blocked, id=2448, stack(0x000000dc2ae00000,0x000000dc2b000000)]
  0x000002bcf665e000 JavaThread "Trident pulse source thread" daemon [_thread_blocked, id=7504, stack(0x000000dc2b000000,0x000000dc2b200000)]
  0x000002bcf6661000 JavaThread "pool-5-thread-1" [_thread_blocked, id=1516, stack(0x000000dc2b200000,0x000000dc2b400000)]
  0x000002bcf6667800 JavaThread "Java Sound Event Dispatcher" daemon [_thread_blocked, id=15124, stack(0x000000dc2f350000,0x000000dc2f550000)]
  0x000002bcf6669000 JavaThread "pool-6-thread-1" [_thread_blocked, id=12932, stack(0x000000dc2fef0000,0x000000dc300f0000)]
  0x000002bcf666b000 JavaThread "Thread-18" daemon [_thread_blocked, id=16212, stack(0x000000dc30a90000,0x000000dc30c90000)]
  0x000002bcf41c3000 JavaThread "Thread-20" daemon [_thread_blocked, id=11508, stack(0x000000dc28b20000,0x000000dc28d20000)]
  0x000002bcf41c4000 JavaThread "Okio Watchdog" daemon [_thread_blocked, id=12104, stack(0x000000dc1f9a0000,0x000000dc1fba0000)]
  0x000002bcf6662000 JavaThread "ToolkitShutdown" daemon [_thread_in_native, id=15256, stack(0x000000dc26b10000,0x000000dc26d10000)]

Other Threads:
  0x000002bcebb42000 VMThread "VM Thread" [stack: 0x000000dc21b50000,0x000000dc22020000] [id=13108]
  0x000002bcec520800 WatcherThread [stack: 0x000000dc233c0000,0x000000dc23890000] [id=4724]
  0x000002bcd2957000 GCTaskThread "GC Thread#0" [stack: 0x000000dc20340000,0x000000dc20810000] [id=10032]
  0x000002bcf3fbc800 GCTaskThread "GC Thread#1" [stack: 0x000000dc24960000,0x000000dc24e30000] [id=9084]
  0x000002bcf3fbf000 GCTaskThread "GC Thread#2" [stack: 0x000000dc24e30000,0x000000dc25300000] [id=12680]
  0x000002bcf3f26000 GCTaskThread "GC Thread#3" [stack: 0x000000dc25300000,0x000000dc257d0000] [id=16216]
  0x000002bcf3f29800 GCTaskThread "GC Thread#4" [stack: 0x000000dc257d0000,0x000000dc25ca0000] [id=3904]
  0x000002bcf3f2a000 GCTaskThread "GC Thread#5" [stack: 0x000000dc25ca0000,0x000000dc26170000] [id=1344]
  0x000002bcf3deb000 GCTaskThread "GC Thread#6" [stack: 0x000000dc26fe0000,0x000000dc274b0000] [id=5072]
  0x000002bcf3dec000 GCTaskThread "GC Thread#7" [stack: 0x000000dc274b0000,0x000000dc27980000] [id=4148]
  0x000002bcd2969000 ConcurrentGCThread "G1 Main Marker" [stack: 0x000000dc20810000,0x000000dc20ce0000] [id=4668]
  0x000002bcd296a800 ConcurrentGCThread "G1 Conc#0" [stack: 0x000000dc20ce0000,0x000000dc211b0000] [id=15324]
  0x000002bcf282e000 ConcurrentGCThread "G1 Conc#1" [stack: 0x000000dc26640000,0x000000dc26b10000] [id=10968]
  0x000002bceb9b4800 ConcurrentGCThread "G1 Refine#0" [stack: 0x000000dc211b0000,0x000000dc21680000] [id=7216]
  0x000002bcec73b800 ConcurrentGCThread "G1 Refine#1" [stack: 0x000000dc26170000,0x000000dc26640000] [id=14732]
  0x000002bcfb0c7000 ConcurrentGCThread "G1 Refine#2" [stack: 0x000000dc28ff0000,0x000000dc294c0000] [id=9400]
  0x000002bcf3dc7800 ConcurrentGCThread "G1 Refine#3" [stack: 0x000000dc294c0000,0x000000dc29990000] [id=2568]
  0x000002bceb9b5800 ConcurrentGCThread "G1 Young RemSet Sampling" [stack: 0x000000dc21680000,0x000000dc21b50000] [id=648]

Threads with active compile tasks:

VM state:not at safepoint (normal execution)

VM Mutex/Monitor currently owned by a thread: None

Heap address: 0x00000000e0000000, size: 512 MB, Compressed Oops mode: 32-bit
Narrow klass base: 0x0000000000000000, Narrow klass shift: 3
Compressed class space size: 1073741824 Address: 0x0000000100000000

Heap:
 garbage-first heap   total 258048K, used 152817K [0x00000000e0000000, 0x0000000100000000)
  region size 1024K, 32 young (32768K), 6 survivors (6144K)
 Metaspace       used 70713K, capacity 72693K, committed 72856K, reserved 1114112K
  class space    used 7839K, capacity 8694K, committed 8704K, reserved 1048576K
Heap Regions: E=young(eden), S=young(survivor), O=old, HS=humongous(starts), HC=humongous(continues), CS=collection set, F=free, A=archive, TAMS=top-at-mark-start (previous, next)
|   0|0x00000000e0000000, 0x00000000e0100000, 0x00000000e0100000|100%| O|  |TAMS 0x00000000e0100000, 0x00000000e0000000| Untracked 
|   1|0x00000000e0100000, 0x00000000e0200000, 0x00000000e0200000|100%| O|  |TAMS 0x00000000e0200000, 0x00000000e0100000| Untracked 
|   2|0x00000000e0200000, 0x00000000e0300000, 0x00000000e0300000|100%| O|  |TAMS 0x00000000e0300000, 0x00000000e0200000| Untracked 
|   3|0x00000000e0300000, 0x00000000e0400000, 0x00000000e0400000|100%| O|  |TAMS 0x00000000e0400000, 0x00000000e0300000| Untracked 
|   4|0x00000000e0400000, 0x00000000e0500000, 0x00000000e0500000|100%| O|  |TAMS 0x00000000e0500000, 0x00000000e0400000| Untracked 
|   5|0x00000000e0500000, 0x00000000e0600000, 0x00000000e0600000|100%| O|  |TAMS 0x00000000e0600000, 0x00000000e0500000| Untracked 
|   6|0x00000000e0600000, 0x00000000e0700000, 0x00000000e0700000|100%| O|  |TAMS 0x00000000e0700000, 0x00000000e0600000| Untracked 
|   7|0x00000000e0700000, 0x00000000e0800000, 0x00000000e0800000|100%| O|  |TAMS 0x00000000e0800000, 0x00000000e0700000| Untracked 
|   8|0x00000000e0800000, 0x00000000e0900000, 0x00000000e0900000|100%| O|  |TAMS 0x00000000e0900000, 0x00000000e0800000| Untracked 
|   9|0x00000000e0900000, 0x00000000e0a00000, 0x00000000e0a00000|100%| O|  |TAMS 0x00000000e0a00000, 0x00000000e0900000| Untracked 
|  10|0x00000000e0a00000, 0x00000000e0b00000, 0x00000000e0b00000|100%| O|  |TAMS 0x00000000e0b00000, 0x00000000e0a00000| Untracked 
|  11|0x00000000e0b00000, 0x00000000e0c00000, 0x00000000e0c00000|100%| O|  |TAMS 0x00000000e0c00000, 0x00000000e0b00000| Untracked 
|  12|0x00000000e0c00000, 0x00000000e0d00000, 0x00000000e0d00000|100%| O|  |TAMS 0x00000000e0d00000, 0x00000000e0c00000| Untracked 
|  13|0x00000000e0d00000, 0x00000000e0e00000, 0x00000000e0e00000|100%| O|  |TAMS 0x00000000e0e00000, 0x00000000e0d00000| Untracked 
|  14|0x00000000e0e00000, 0x00000000e0f00000, 0x00000000e0f00000|100%| O|  |TAMS 0x00000000e0f00000, 0x00000000e0e00000| Untracked 
|  15|0x00000000e0f00000, 0x00000000e1000000, 0x00000000e1000000|100%| O|  |TAMS 0x00000000e1000000, 0x00000000e0f00000| Untracked 
|  16|0x00000000e1000000, 0x00000000e1100000, 0x00000000e1100000|100%| O|  |TAMS 0x00000000e1100000, 0x00000000e1000000| Untracked 
|  17|0x00000000e1100000, 0x00000000e1200000, 0x00000000e1200000|100%| O|  |TAMS 0x00000000e1200000, 0x00000000e1100000| Untracked 
|  18|0x00000000e1200000, 0x00000000e1300000, 0x00000000e1300000|100%| O|  |TAMS 0x00000000e1300000, 0x00000000e1200000| Untracked 
|  19|0x00000000e1300000, 0x00000000e1400000, 0x00000000e1400000|100%| O|  |TAMS 0x00000000e1400000, 0x00000000e1300000| Untracked 
|  20|0x00000000e1400000, 0x00000000e1500000, 0x00000000e1500000|100%| O|  |TAMS 0x00000000e1500000, 0x00000000e1400000| Untracked 
|  21|0x00000000e1500000, 0x00000000e1600000, 0x00000000e1600000|100%| O|  |TAMS 0x00000000e1600000, 0x00000000e1500000| Untracked 
|  22|0x00000000e1600000, 0x00000000e1700000, 0x00000000e1700000|100%| O|  |TAMS 0x00000000e1700000, 0x00000000e1600000| Untracked 
|  23|0x00000000e1700000, 0x00000000e1800000, 0x00000000e1800000|100%| O|  |TAMS 0x00000000e1800000, 0x00000000e1700000| Untracked 
|  24|0x00000000e1800000, 0x00000000e1900000, 0x00000000e1900000|100%| O|  |TAMS 0x00000000e1900000, 0x00000000e1800000| Untracked 
|  25|0x00000000e1900000, 0x00000000e1a00000, 0x00000000e1a00000|100%| O|  |TAMS 0x00000000e1a00000, 0x00000000e1900000| Untracked 
|  26|0x00000000e1a00000, 0x00000000e1b00000, 0x00000000e1b00000|100%| O|  |TAMS 0x00000000e1b00000, 0x00000000e1a00000| Untracked 
|  27|0x00000000e1b00000, 0x00000000e1c00000, 0x00000000e1c00000|100%| O|  |TAMS 0x00000000e1c00000, 0x00000000e1b00000| Untracked 
|  28|0x00000000e1c00000, 0x00000000e1d00000, 0x00000000e1d00000|100%| O|  |TAMS 0x00000000e1d00000, 0x00000000e1c00000| Untracked 
|  29|0x00000000e1d00000, 0x00000000e1e00000, 0x00000000e1e00000|100%| O|  |TAMS 0x00000000e1e00000, 0x00000000e1d00000| Untracked 
|  30|0x00000000e1e00000, 0x00000000e1f00000, 0x00000000e1f00000|100%| O|  |TAMS 0x00000000e1f00000, 0x00000000e1e00000| Untracked 
|  31|0x00000000e1f00000, 0x00000000e2000000, 0x00000000e2000000|100%| O|  |TAMS 0x00000000e2000000, 0x00000000e1f00000| Untracked 
|  32|0x00000000e2000000, 0x00000000e2100000, 0x00000000e2100000|100%| O|  |TAMS 0x00000000e2100000, 0x00000000e2000000| Untracked 
|  33|0x00000000e2100000, 0x00000000e2200000, 0x00000000e2200000|100%| O|  |TAMS 0x00000000e2200000, 0x00000000e2100000| Untracked 
|  34|0x00000000e2200000, 0x00000000e2300000, 0x00000000e2300000|100%| O|  |TAMS 0x00000000e2300000, 0x00000000e2200000| Untracked 
|  35|0x00000000e2300000, 0x00000000e2400000, 0x00000000e2400000|100%| O|  |TAMS 0x00000000e2400000, 0x00000000e2300000| Untracked 
|  36|0x00000000e2400000, 0x00000000e2500000, 0x00000000e2500000|100%| O|  |TAMS 0x00000000e2500000, 0x00000000e2400000| Untracked 
|  37|0x00000000e2500000, 0x00000000e2600000, 0x00000000e2600000|100%| O|  |TAMS 0x00000000e2600000, 0x00000000e2500000| Untracked 
|  38|0x00000000e2600000, 0x00000000e2700000, 0x00000000e2700000|100%| O|  |TAMS 0x00000000e2700000, 0x00000000e2600000| Untracked 
|  39|0x00000000e2700000, 0x00000000e2800000, 0x00000000e2800000|100%| O|  |TAMS 0x00000000e2800000, 0x00000000e2700000| Untracked 
|  40|0x00000000e2800000, 0x00000000e2900000, 0x00000000e2900000|100%| O|  |TAMS 0x00000000e2900000, 0x00000000e2800000| Untracked 
|  41|0x00000000e2900000, 0x00000000e2a00000, 0x00000000e2a00000|100%| O|  |TAMS 0x00000000e2a00000, 0x00000000e2900000| Untracked 
|  42|0x00000000e2a00000, 0x00000000e2b00000, 0x00000000e2b00000|100%| O|  |TAMS 0x00000000e2b00000, 0x00000000e2a00000| Untracked 
|  43|0x00000000e2b00000, 0x00000000e2c00000, 0x00000000e2c00000|100%| O|  |TAMS 0x00000000e2c00000, 0x00000000e2b00000| Untracked 
|  44|0x00000000e2c00000, 0x00000000e2d00000, 0x00000000e2d00000|100%| O|  |TAMS 0x00000000e2d00000, 0x00000000e2c00000| Untracked 
|  45|0x00000000e2d00000, 0x00000000e2e00000, 0x00000000e2e00000|100%| O|  |TAMS 0x00000000e2e00000, 0x00000000e2d00000| Untracked 
|  46|0x00000000e2e00000, 0x00000000e2f00000, 0x00000000e2f00000|100%| O|  |TAMS 0x00000000e2f00000, 0x00000000e2e00000| Untracked 
|  47|0x00000000e2f00000, 0x00000000e3000000, 0x00000000e3000000|100%| O|  |TAMS 0x00000000e3000000, 0x00000000e2f00000| Untracked 
|  48|0x00000000e3000000, 0x00000000e3100000, 0x00000000e3100000|100%| O|  |TAMS 0x00000000e3100000, 0x00000000e3000000| Untracked 
|  49|0x00000000e3100000, 0x00000000e3200000, 0x00000000e3200000|100%| O|  |TAMS 0x00000000e3200000, 0x00000000e3100000| Untracked 
|  50|0x00000000e3200000, 0x00000000e3300000, 0x00000000e3300000|100%| O|  |TAMS 0x00000000e3300000, 0x00000000e3200000| Untracked 
|  51|0x00000000e3300000, 0x00000000e3400000, 0x00000000e3400000|100%| O|  |TAMS 0x00000000e3400000, 0x00000000e3300000| Untracked 
|  52|0x00000000e3400000, 0x00000000e3500000, 0x00000000e3500000|100%|HS|  |TAMS 0x00000000e3500000, 0x00000000e3400000| Complete 
|  53|0x00000000e3500000, 0x00000000e3600000, 0x00000000e3600000|100%|HC|  |TAMS 0x00000000e3600000, 0x00000000e3500000| Complete 
|  54|0x00000000e3600000, 0x00000000e3700000, 0x00000000e3700000|100%| O|  |TAMS 0x00000000e3600000, 0x00000000e3600000| Untracked 
|  55|0x00000000e3700000, 0x00000000e3800000, 0x00000000e3800000|100%| O|  |TAMS 0x00000000e3700000, 0x00000000e3700000| Untracked 
|  56|0x00000000e3800000, 0x00000000e3900000, 0x00000000e3900000|100%| O|  |TAMS 0x00000000e3900000, 0x00000000e3800000| Untracked 
|  57|0x00000000e3900000, 0x00000000e3a00000, 0x00000000e3a00000|100%| O|  |TAMS 0x00000000e3a00000, 0x00000000e3900000| Untracked 
|  58|0x00000000e3a00000, 0x00000000e3b00000, 0x00000000e3b00000|100%| O|  |TAMS 0x00000000e3b00000, 0x00000000e3a00000| Untracked 
|  59|0x00000000e3b00000, 0x00000000e3c00000, 0x00000000e3c00000|100%| O|  |TAMS 0x00000000e3c00000, 0x00000000e3b00000| Untracked 
|  60|0x00000000e3c00000, 0x00000000e3d00000, 0x00000000e3d00000|100%| O|  |TAMS 0x00000000e3d00000, 0x00000000e3c00000| Untracked 
|  61|0x00000000e3d00000, 0x00000000e3e00000, 0x00000000e3e00000|100%| O|  |TAMS 0x00000000e3e00000, 0x00000000e3d00000| Untracked 
|  62|0x00000000e3e00000, 0x00000000e3f00000, 0x00000000e3f00000|100%| O|  |TAMS 0x00000000e3f00000, 0x00000000e3e00000| Untracked 
|  63|0x00000000e3f00000, 0x00000000e4000000, 0x00000000e4000000|100%| O|  |TAMS 0x00000000e4000000, 0x00000000e3f00000| Untracked 
|  64|0x00000000e4000000, 0x00000000e4100000, 0x00000000e4100000|100%| O|  |TAMS 0x00000000e4100000, 0x00000000e4000000| Untracked 
|  65|0x00000000e4100000, 0x00000000e4200000, 0x00000000e4200000|100%| O|  |TAMS 0x00000000e4200000, 0x00000000e4100000| Untracked 
|  66|0x00000000e4200000, 0x00000000e4300000, 0x00000000e4300000|100%| O|  |TAMS 0x00000000e4300000, 0x00000000e4200000| Untracked 
|  67|0x00000000e4300000, 0x00000000e4400000, 0x00000000e4400000|100%| O|  |TAMS 0x00000000e4400000, 0x00000000e4300000| Untracked 
|  68|0x00000000e4400000, 0x00000000e4500000, 0x00000000e4500000|100%| O|  |TAMS 0x00000000e4500000, 0x00000000e4400000| Untracked 
|  69|0x00000000e4500000, 0x00000000e4600000, 0x00000000e4600000|100%| O|  |TAMS 0x00000000e4600000, 0x00000000e4500000| Untracked 
|  70|0x00000000e4600000, 0x00000000e4700000, 0x00000000e4700000|100%| O|  |TAMS 0x00000000e4700000, 0x00000000e4600000| Untracked 
|  71|0x00000000e4700000, 0x00000000e4800000, 0x00000000e4800000|100%| O|  |TAMS 0x00000000e4800000, 0x00000000e4700000| Untracked 
|  72|0x00000000e4800000, 0x00000000e4900000, 0x00000000e4900000|100%| O|  |TAMS 0x00000000e4900000, 0x00000000e4800000| Untracked 
|  73|0x00000000e4900000, 0x00000000e4a00000, 0x00000000e4a00000|100%| O|  |TAMS 0x00000000e4a00000, 0x00000000e4900000| Untracked 
|  74|0x00000000e4a00000, 0x00000000e4b00000, 0x00000000e4b00000|100%| O|  |TAMS 0x00000000e4b00000, 0x00000000e4a00000| Untracked 
|  75|0x00000000e4b00000, 0x00000000e4c00000, 0x00000000e4c00000|100%| O|  |TAMS 0x00000000e4c00000, 0x00000000e4b00000| Untracked 
|  76|0x00000000e4c00000, 0x00000000e4d00000, 0x00000000e4d00000|100%| O|  |TAMS 0x00000000e4d00000, 0x00000000e4c00000| Untracked 
|  77|0x00000000e4d00000, 0x00000000e4e00000, 0x00000000e4e00000|100%| O|  |TAMS 0x00000000e4e00000, 0x00000000e4d00000| Untracked 
|  78|0x00000000e4e00000, 0x00000000e4f00000, 0x00000000e4f00000|100%| O|  |TAMS 0x00000000e4f00000, 0x00000000e4e00000| Untracked 
|  79|0x00000000e4f00000, 0x00000000e5000000, 0x00000000e5000000|100%| O|  |TAMS 0x00000000e5000000, 0x00000000e4f00000| Untracked 
|  80|0x00000000e5000000, 0x00000000e5100000, 0x00000000e5100000|100%| O|  |TAMS 0x00000000e5100000, 0x00000000e5000000| Untracked 
|  81|0x00000000e5100000, 0x00000000e5200000, 0x00000000e5200000|100%| O|  |TAMS 0x00000000e5200000, 0x00000000e5100000| Untracked 
|  82|0x00000000e5200000, 0x00000000e5300000, 0x00000000e5300000|100%| O|  |TAMS 0x00000000e5300000, 0x00000000e5200000| Untracked 
|  83|0x00000000e5300000, 0x00000000e5400000, 0x00000000e5400000|100%| O|  |TAMS 0x00000000e5400000, 0x00000000e5300000| Untracked 
|  84|0x00000000e5400000, 0x00000000e5500000, 0x00000000e5500000|100%| O|  |TAMS 0x00000000e5500000, 0x00000000e5400000| Untracked 
|  85|0x00000000e5500000, 0x00000000e5600000, 0x00000000e5600000|100%| O|  |TAMS 0x00000000e5600000, 0x00000000e5500000| Untracked 
|  86|0x00000000e5600000, 0x00000000e5700000, 0x00000000e5700000|100%| O|  |TAMS 0x00000000e5700000, 0x00000000e5600000| Untracked 
|  87|0x00000000e5700000, 0x00000000e5800000, 0x00000000e5800000|100%| O|  |TAMS 0x00000000e5800000, 0x00000000e5700000| Untracked 
|  88|0x00000000e5800000, 0x00000000e5900000, 0x00000000e5900000|100%| O|  |TAMS 0x00000000e5900000, 0x00000000e5800000| Untracked 
|  89|0x00000000e5900000, 0x00000000e5a00000, 0x00000000e5a00000|100%| O|  |TAMS 0x00000000e5a00000, 0x00000000e5900000| Untracked 
|  90|0x00000000e5a00000, 0x00000000e5b00000, 0x00000000e5b00000|100%| O|  |TAMS 0x00000000e5b00000, 0x00000000e5a00000| Untracked 
|  91|0x00000000e5b00000, 0x00000000e5c00000, 0x00000000e5c00000|100%| O|  |TAMS 0x00000000e5c00000, 0x00000000e5b00000| Untracked 
|  92|0x00000000e5c00000, 0x00000000e5d00000, 0x00000000e5d00000|100%|HS|  |TAMS 0x00000000e5d00000, 0x00000000e5c00000| Complete 
|  93|0x00000000e5d00000, 0x00000000e5e00000, 0x00000000e5e00000|100%|HC|  |TAMS 0x00000000e5e00000, 0x00000000e5d00000| Complete 
|  94|0x00000000e5e00000, 0x00000000e5f00000, 0x00000000e5f00000|100%| O|  |TAMS 0x00000000e5f00000, 0x00000000e5e00000| Untracked 
|  95|0x00000000e5f00000, 0x00000000e6000000, 0x00000000e6000000|100%|HS|  |TAMS 0x00000000e6000000, 0x00000000e5f00000| Complete 
|  96|0x00000000e6000000, 0x00000000e6100000, 0x00000000e6100000|100%|HS|  |TAMS 0x00000000e6100000, 0x00000000e6000000| Complete 
|  97|0x00000000e6100000, 0x00000000e6200000, 0x00000000e6200000|100%| O|  |TAMS 0x00000000e6200000, 0x00000000e6100000| Untracked 
|  98|0x00000000e6200000, 0x00000000e6300000, 0x00000000e6300000|100%| O|  |TAMS 0x00000000e6300000, 0x00000000e6200000| Untracked 
|  99|0x00000000e6300000, 0x00000000e6400000, 0x00000000e6400000|100%| O|  |TAMS 0x00000000e6400000, 0x00000000e6300000| Untracked 
| 100|0x00000000e6400000, 0x00000000e6500000, 0x00000000e6500000|100%| O|  |TAMS 0x00000000e6500000, 0x00000000e6400000| Untracked 
| 101|0x00000000e6500000, 0x00000000e6600000, 0x00000000e6600000|100%| O|  |TAMS 0x00000000e6600000, 0x00000000e6500000| Untracked 
| 102|0x00000000e6600000, 0x00000000e6700000, 0x00000000e6700000|100%| O|  |TAMS 0x00000000e66fce00, 0x00000000e6600000| Untracked 
| 103|0x00000000e6700000, 0x00000000e6700000, 0x00000000e6800000|  0%| F|  |TAMS 0x00000000e6700000, 0x00000000e6700000| Untracked 
| 104|0x00000000e6800000, 0x00000000e6900000, 0x00000000e6900000|100%| O|  |TAMS 0x00000000e6800000, 0x00000000e6800000| Untracked 
| 105|0x00000000e6900000, 0x00000000e6a00000, 0x00000000e6a00000|100%| O|  |TAMS 0x00000000e6900000, 0x00000000e6900000| Untracked 
| 106|0x00000000e6a00000, 0x00000000e6ab0200, 0x00000000e6b00000| 68%| O|  |TAMS 0x00000000e6a00000, 0x00000000e6a00000| Untracked 
| 107|0x00000000e6b00000, 0x00000000e6b00000, 0x00000000e6c00000|  0%| F|  |TAMS 0x00000000e6b00000, 0x00000000e6b00000| Untracked 
| 108|0x00000000e6c00000, 0x00000000e6c00000, 0x00000000e6d00000|  0%| F|  |TAMS 0x00000000e6c00000, 0x00000000e6c00000| Untracked 
| 109|0x00000000e6d00000, 0x00000000e6d00000, 0x00000000e6e00000|  0%| F|  |TAMS 0x00000000e6d00000, 0x00000000e6d00000| Untracked 
| 110|0x00000000e6e00000, 0x00000000e6e00000, 0x00000000e6f00000|  0%| F|  |TAMS 0x00000000e6e00000, 0x00000000e6e00000| Untracked 
| 111|0x00000000e6f00000, 0x00000000e6f00000, 0x00000000e7000000|  0%| F|  |TAMS 0x00000000e6f00000, 0x00000000e6f00000| Untracked 
| 112|0x00000000e7000000, 0x00000000e7000000, 0x00000000e7100000|  0%| F|  |TAMS 0x00000000e7000000, 0x00000000e7000000| Untracked 
| 113|0x00000000e7100000, 0x00000000e7100000, 0x00000000e7200000|  0%| F|  |TAMS 0x00000000e7100000, 0x00000000e7100000| Untracked 
| 114|0x00000000e7200000, 0x00000000e7200000, 0x00000000e7300000|  0%| F|  |TAMS 0x00000000e7200000, 0x00000000e7200000| Untracked 
| 115|0x00000000e7300000, 0x00000000e7300000, 0x00000000e7400000|  0%| F|  |TAMS 0x00000000e7300000, 0x00000000e7300000| Untracked 
| 116|0x00000000e7400000, 0x00000000e7400000, 0x00000000e7500000|  0%| F|  |TAMS 0x00000000e7400000, 0x00000000e7400000| Untracked 
| 117|0x00000000e7500000, 0x00000000e7600000, 0x00000000e7600000|100%| O|  |TAMS 0x00000000e7600000, 0x00000000e7500000| Untracked 
| 118|0x00000000e7600000, 0x00000000e7700000, 0x00000000e7700000|100%| O|  |TAMS 0x00000000e7700000, 0x00000000e7600000| Untracked 
| 119|0x00000000e7700000, 0x00000000e7800000, 0x00000000e7800000|100%| O|  |TAMS 0x00000000e7800000, 0x00000000e7700000| Untracked 
| 120|0x00000000e7800000, 0x00000000e7900000, 0x00000000e7900000|100%| O|  |TAMS 0x00000000e7900000, 0x00000000e7800000| Untracked 
| 121|0x00000000e7900000, 0x00000000e7a00000, 0x00000000e7a00000|100%| O|  |TAMS 0x00000000e7a00000, 0x00000000e7900000| Untracked 
| 122|0x00000000e7a00000, 0x00000000e7b00000, 0x00000000e7b00000|100%| O|  |TAMS 0x00000000e7b00000, 0x00000000e7a00000| Untracked 
| 123|0x00000000e7b00000, 0x00000000e7c00000, 0x00000000e7c00000|100%| O|  |TAMS 0x00000000e7c00000, 0x00000000e7b00000| Untracked 
| 124|0x00000000e7c00000, 0x00000000e7d00000, 0x00000000e7d00000|100%| O|  |TAMS 0x00000000e7d00000, 0x00000000e7c00000| Untracked 
| 125|0x00000000e7d00000, 0x00000000e7e00000, 0x00000000e7e00000|100%| O|  |TAMS 0x00000000e7e00000, 0x00000000e7d00000| Untracked 
| 126|0x00000000e7e00000, 0x00000000e7f00000, 0x00000000e7f00000|100%| O|  |TAMS 0x00000000e7f00000, 0x00000000e7e00000| Untracked 
| 127|0x00000000e7f00000, 0x00000000e8000000, 0x00000000e8000000|100%| O|  |TAMS 0x00000000e8000000, 0x00000000e7f00000| Untracked 
| 128|0x00000000e8000000, 0x00000000e8100000, 0x00000000e8100000|100%| O|  |TAMS 0x00000000e8100000, 0x00000000e8000000| Untracked 
| 129|0x00000000e8100000, 0x00000000e8200000, 0x00000000e8200000|100%|HS|  |TAMS 0x00000000e8200000, 0x00000000e8100000| Complete 
| 130|0x00000000e8200000, 0x00000000e8300000, 0x00000000e8300000|100%|HC|  |TAMS 0x00000000e8300000, 0x00000000e8200000| Complete 
| 131|0x00000000e8300000, 0x00000000e8300000, 0x00000000e8400000|  0%| F|  |TAMS 0x00000000e8300000, 0x00000000e8300000| Untracked 
| 132|0x00000000e8400000, 0x00000000e8400000, 0x00000000e8500000|  0%| F|  |TAMS 0x00000000e8400000, 0x00000000e8400000| Untracked 
| 133|0x00000000e8500000, 0x00000000e8500000, 0x00000000e8600000|  0%| F|  |TAMS 0x00000000e8500000, 0x00000000e8500000| Untracked 
| 134|0x00000000e8600000, 0x00000000e8600000, 0x00000000e8700000|  0%| F|  |TAMS 0x00000000e8600000, 0x00000000e8600000| Untracked 
| 135|0x00000000e8700000, 0x00000000e8700000, 0x00000000e8800000|  0%| F|  |TAMS 0x00000000e8700000, 0x00000000e8700000| Untracked 
| 136|0x00000000e8800000, 0x00000000e8800000, 0x00000000e8900000|  0%| F|  |TAMS 0x00000000e8800000, 0x00000000e8800000| Untracked 
| 137|0x00000000e8900000, 0x00000000e8900000, 0x00000000e8a00000|  0%| F|  |TAMS 0x00000000e8900000, 0x00000000e8900000| Untracked 
| 138|0x00000000e8a00000, 0x00000000e8a00000, 0x00000000e8b00000|  0%| F|  |TAMS 0x00000000e8a00000, 0x00000000e8a00000| Untracked 
| 139|0x00000000e8b00000, 0x00000000e8b00000, 0x00000000e8c00000|  0%| F|  |TAMS 0x00000000e8b00000, 0x00000000e8b00000| Untracked 
| 140|0x00000000e8c00000, 0x00000000e8c00000, 0x00000000e8d00000|  0%| F|  |TAMS 0x00000000e8c00000, 0x00000000e8c00000| Untracked 
| 141|0x00000000e8d00000, 0x00000000e8d00000, 0x00000000e8e00000|  0%| F|  |TAMS 0x00000000e8d00000, 0x00000000e8d00000| Untracked 
| 142|0x00000000e8e00000, 0x00000000e8e00000, 0x00000000e8f00000|  0%| F|  |TAMS 0x00000000e8e00000, 0x00000000e8e00000| Untracked 
| 143|0x00000000e8f00000, 0x00000000e8f00000, 0x00000000e9000000|  0%| F|  |TAMS 0x00000000e8f00000, 0x00000000e8f00000| Untracked 
| 144|0x00000000e9000000, 0x00000000e9000000, 0x00000000e9100000|  0%| F|  |TAMS 0x00000000e9000000, 0x00000000e9000000| Untracked 
| 145|0x00000000e9100000, 0x00000000e9100000, 0x00000000e9200000|  0%| F|  |TAMS 0x00000000e9100000, 0x00000000e9100000| Untracked 
| 146|0x00000000e9200000, 0x00000000e9200000, 0x00000000e9300000|  0%| F|  |TAMS 0x00000000e9200000, 0x00000000e9200000| Untracked 
| 147|0x00000000e9300000, 0x00000000e9300000, 0x00000000e9400000|  0%| F|  |TAMS 0x00000000e9300000, 0x00000000e9300000| Untracked 
| 148|0x00000000e9400000, 0x00000000e9400000, 0x00000000e9500000|  0%| F|  |TAMS 0x00000000e9400000, 0x00000000e9400000| Untracked 
| 149|0x00000000e9500000, 0x00000000e9500000, 0x00000000e9600000|  0%| F|  |TAMS 0x00000000e9500000, 0x00000000e9500000| Untracked 
| 150|0x00000000e9600000, 0x00000000e9600000, 0x00000000e9700000|  0%| F|  |TAMS 0x00000000e9600000, 0x00000000e9600000| Untracked 
| 151|0x00000000e9700000, 0x00000000e9700000, 0x00000000e9800000|  0%| F|  |TAMS 0x00000000e9700000, 0x00000000e9700000| Untracked 
| 152|0x00000000e9800000, 0x00000000e9800000, 0x00000000e9900000|  0%| F|  |TAMS 0x00000000e9800000, 0x00000000e9800000| Untracked 
| 153|0x00000000e9900000, 0x00000000e9900000, 0x00000000e9a00000|  0%| F|  |TAMS 0x00000000e9900000, 0x00000000e9900000| Untracked 
| 154|0x00000000e9a00000, 0x00000000e9a00000, 0x00000000e9b00000|  0%| F|  |TAMS 0x00000000e9a00000, 0x00000000e9a00000| Untracked 
| 155|0x00000000e9b00000, 0x00000000e9b00000, 0x00000000e9c00000|  0%| F|  |TAMS 0x00000000e9b00000, 0x00000000e9b00000| Untracked 
| 156|0x00000000e9c00000, 0x00000000e9c00000, 0x00000000e9d00000|  0%| F|  |TAMS 0x00000000e9c00000, 0x00000000e9c00000| Untracked 
| 157|0x00000000e9d00000, 0x00000000e9d00000, 0x00000000e9e00000|  0%| F|  |TAMS 0x00000000e9d00000, 0x00000000e9d00000| Untracked 
| 158|0x00000000e9e00000, 0x00000000e9e00000, 0x00000000e9f00000|  0%| F|  |TAMS 0x00000000e9e00000, 0x00000000e9e00000| Untracked 
| 159|0x00000000e9f00000, 0x00000000e9f00000, 0x00000000ea000000|  0%| F|  |TAMS 0x00000000e9f00000, 0x00000000e9f00000| Untracked 
| 160|0x00000000ea000000, 0x00000000ea000000, 0x00000000ea100000|  0%| F|  |TAMS 0x00000000ea000000, 0x00000000ea000000| Untracked 
| 161|0x00000000ea100000, 0x00000000ea100000, 0x00000000ea200000|  0%| F|  |TAMS 0x00000000ea100000, 0x00000000ea100000| Untracked 
| 162|0x00000000ea200000, 0x00000000ea200000, 0x00000000ea300000|  0%| F|  |TAMS 0x00000000ea200000, 0x00000000ea200000| Untracked 
| 163|0x00000000ea300000, 0x00000000ea300000, 0x00000000ea400000|  0%| F|  |TAMS 0x00000000ea300000, 0x00000000ea300000| Untracked 
| 164|0x00000000ea400000, 0x00000000ea400000, 0x00000000ea500000|  0%| F|  |TAMS 0x00000000ea400000, 0x00000000ea400000| Untracked 
| 165|0x00000000ea500000, 0x00000000ea500000, 0x00000000ea600000|  0%| F|  |TAMS 0x00000000ea500000, 0x00000000ea500000| Untracked 
| 166|0x00000000ea600000, 0x00000000ea600000, 0x00000000ea700000|  0%| F|  |TAMS 0x00000000ea600000, 0x00000000ea600000| Untracked 
| 167|0x00000000ea700000, 0x00000000ea700000, 0x00000000ea800000|  0%| F|  |TAMS 0x00000000ea700000, 0x00000000ea700000| Untracked 
| 168|0x00000000ea800000, 0x00000000ea800000, 0x00000000ea900000|  0%| F|  |TAMS 0x00000000ea800000, 0x00000000ea800000| Untracked 
| 169|0x00000000ea900000, 0x00000000ea900000, 0x00000000eaa00000|  0%| F|  |TAMS 0x00000000ea900000, 0x00000000ea900000| Untracked 
| 170|0x00000000eaa00000, 0x00000000eaa00000, 0x00000000eab00000|  0%| F|  |TAMS 0x00000000eaa00000, 0x00000000eaa00000| Untracked 
| 171|0x00000000eab00000, 0x00000000eab00000, 0x00000000eac00000|  0%| F|  |TAMS 0x00000000eab00000, 0x00000000eab00000| Untracked 
| 172|0x00000000eac00000, 0x00000000eac00000, 0x00000000ead00000|  0%| F|  |TAMS 0x00000000eac00000, 0x00000000eac00000| Untracked 
| 173|0x00000000ead00000, 0x00000000ead00000, 0x00000000eae00000|  0%| F|  |TAMS 0x00000000ead00000, 0x00000000ead00000| Untracked 
| 174|0x00000000eae00000, 0x00000000eae00000, 0x00000000eaf00000|  0%| F|  |TAMS 0x00000000eae00000, 0x00000000eae00000| Untracked 
| 175|0x00000000eaf00000, 0x00000000eaf00000, 0x00000000eb000000|  0%| F|  |TAMS 0x00000000eaf00000, 0x00000000eaf00000| Untracked 
| 176|0x00000000eb000000, 0x00000000eb000000, 0x00000000eb100000|  0%| F|  |TAMS 0x00000000eb000000, 0x00000000eb000000| Untracked 
| 177|0x00000000eb100000, 0x00000000eb100000, 0x00000000eb200000|  0%| F|  |TAMS 0x00000000eb100000, 0x00000000eb100000| Untracked 
| 178|0x00000000eb200000, 0x00000000eb200000, 0x00000000eb300000|  0%| F|  |TAMS 0x00000000eb200000, 0x00000000eb200000| Untracked 
| 179|0x00000000eb300000, 0x00000000eb300000, 0x00000000eb400000|  0%| F|  |TAMS 0x00000000eb300000, 0x00000000eb300000| Untracked 
| 180|0x00000000eb400000, 0x00000000eb400000, 0x00000000eb500000|  0%| F|  |TAMS 0x00000000eb400000, 0x00000000eb400000| Untracked 
| 181|0x00000000eb500000, 0x00000000eb500000, 0x00000000eb600000|  0%| F|  |TAMS 0x00000000eb500000, 0x00000000eb500000| Untracked 
| 182|0x00000000eb600000, 0x00000000eb600000, 0x00000000eb700000|  0%| F|  |TAMS 0x00000000eb600000, 0x00000000eb600000| Untracked 
| 183|0x00000000eb700000, 0x00000000eb700000, 0x00000000eb800000|  0%| F|  |TAMS 0x00000000eb700000, 0x00000000eb700000| Untracked 
| 184|0x00000000eb800000, 0x00000000eb800000, 0x00000000eb900000|  0%| F|  |TAMS 0x00000000eb800000, 0x00000000eb800000| Untracked 
| 185|0x00000000eb900000, 0x00000000eb900000, 0x00000000eba00000|  0%| F|  |TAMS 0x00000000eb900000, 0x00000000eb900000| Untracked 
| 186|0x00000000eba00000, 0x00000000eba00000, 0x00000000ebb00000|  0%| F|  |TAMS 0x00000000eba00000, 0x00000000eba00000| Untracked 
| 187|0x00000000ebb00000, 0x00000000ebb00000, 0x00000000ebc00000|  0%| F|  |TAMS 0x00000000ebb00000, 0x00000000ebb00000| Untracked 
| 188|0x00000000ebc00000, 0x00000000ebc00000, 0x00000000ebd00000|  0%| F|  |TAMS 0x00000000ebc00000, 0x00000000ebc00000| Untracked 
| 189|0x00000000ebd00000, 0x00000000ebd00000, 0x00000000ebe00000|  0%| F|  |TAMS 0x00000000ebd00000, 0x00000000ebd00000| Untracked 
| 190|0x00000000ebe00000, 0x00000000ebe00000, 0x00000000ebf00000|  0%| F|  |TAMS 0x00000000ebe00000, 0x00000000ebe00000| Untracked 
| 191|0x00000000ebf00000, 0x00000000ebf00000, 0x00000000ec000000|  0%| F|  |TAMS 0x00000000ebf00000, 0x00000000ebf00000| Untracked 
| 192|0x00000000ec000000, 0x00000000ec000000, 0x00000000ec100000|  0%| F|  |TAMS 0x00000000ec000000, 0x00000000ec000000| Untracked 
| 193|0x00000000ec100000, 0x00000000ec100000, 0x00000000ec200000|  0%| F|  |TAMS 0x00000000ec100000, 0x00000000ec100000| Untracked 
| 194|0x00000000ec200000, 0x00000000ec200000, 0x00000000ec300000|  0%| F|  |TAMS 0x00000000ec200000, 0x00000000ec200000| Untracked 
| 195|0x00000000ec300000, 0x00000000ec300000, 0x00000000ec400000|  0%| F|  |TAMS 0x00000000ec300000, 0x00000000ec300000| Untracked 
| 196|0x00000000ec400000, 0x00000000ec48c400, 0x00000000ec500000| 54%| S|CS|TAMS 0x00000000ec400000, 0x00000000ec400000| Complete 
| 197|0x00000000ec500000, 0x00000000ec600000, 0x00000000ec600000|100%| S|CS|TAMS 0x00000000ec500000, 0x00000000ec500000| Complete 
| 198|0x00000000ec600000, 0x00000000ec700000, 0x00000000ec700000|100%| S|CS|TAMS 0x00000000ec600000, 0x00000000ec600000| Complete 
| 199|0x00000000ec700000, 0x00000000ec800000, 0x00000000ec800000|100%| S|CS|TAMS 0x00000000ec700000, 0x00000000ec700000| Complete 
| 200|0x00000000ec800000, 0x00000000ec900000, 0x00000000ec900000|100%| S|CS|TAMS 0x00000000ec800000, 0x00000000ec800000| Complete 
| 201|0x00000000ec900000, 0x00000000eca00000, 0x00000000eca00000|100%| S|CS|TAMS 0x00000000ec900000, 0x00000000ec900000| Complete 
| 202|0x00000000eca00000, 0x00000000eca00000, 0x00000000ecb00000|  0%| F|  |TAMS 0x00000000eca00000, 0x00000000eca00000| Untracked 
| 203|0x00000000ecb00000, 0x00000000ecb00000, 0x00000000ecc00000|  0%| F|  |TAMS 0x00000000ecb00000, 0x00000000ecb00000| Untracked 
| 204|0x00000000ecc00000, 0x00000000ecc00000, 0x00000000ecd00000|  0%| F|  |TAMS 0x00000000ecc00000, 0x00000000ecc00000| Untracked 
| 205|0x00000000ecd00000, 0x00000000ecd00000, 0x00000000ece00000|  0%| F|  |TAMS 0x00000000ecd00000, 0x00000000ecd00000| Untracked 
| 206|0x00000000ece00000, 0x00000000ece00000, 0x00000000ecf00000|  0%| F|  |TAMS 0x00000000ece00000, 0x00000000ece00000| Untracked 
| 207|0x00000000ecf00000, 0x00000000ecf00000, 0x00000000ed000000|  0%| F|  |TAMS 0x00000000ecf00000, 0x00000000ecf00000| Untracked 
| 208|0x00000000ed000000, 0x00000000ed000000, 0x00000000ed100000|  0%| F|  |TAMS 0x00000000ed000000, 0x00000000ed000000| Untracked 
| 209|0x00000000ed100000, 0x00000000ed100000, 0x00000000ed200000|  0%| F|  |TAMS 0x00000000ed100000, 0x00000000ed100000| Untracked 
| 210|0x00000000ed200000, 0x00000000ed200000, 0x00000000ed300000|  0%| F|  |TAMS 0x00000000ed200000, 0x00000000ed200000| Untracked 
| 211|0x00000000ed300000, 0x00000000ed300000, 0x00000000ed400000|  0%| F|  |TAMS 0x00000000ed300000, 0x00000000ed300000| Untracked 
| 212|0x00000000ed400000, 0x00000000ed400000, 0x00000000ed500000|  0%| F|  |TAMS 0x00000000ed400000, 0x00000000ed400000| Untracked 
| 213|0x00000000ed500000, 0x00000000ed500000, 0x00000000ed600000|  0%| F|  |TAMS 0x00000000ed500000, 0x00000000ed500000| Untracked 
| 214|0x00000000ed600000, 0x00000000ed600000, 0x00000000ed700000|  0%| F|  |TAMS 0x00000000ed600000, 0x00000000ed600000| Untracked 
| 215|0x00000000ed700000, 0x00000000ed700000, 0x00000000ed800000|  0%| F|  |TAMS 0x00000000ed700000, 0x00000000ed700000| Untracked 
| 216|0x00000000ed800000, 0x00000000ed800000, 0x00000000ed900000|  0%| F|  |TAMS 0x00000000ed800000, 0x00000000ed800000| Untracked 
| 217|0x00000000ed900000, 0x00000000ed900000, 0x00000000eda00000|  0%| F|  |TAMS 0x00000000ed900000, 0x00000000ed900000| Untracked 
| 218|0x00000000eda00000, 0x00000000eda00000, 0x00000000edb00000|  0%| F|  |TAMS 0x00000000eda00000, 0x00000000eda00000| Untracked 
| 219|0x00000000edb00000, 0x00000000edb00000, 0x00000000edc00000|  0%| F|  |TAMS 0x00000000edb00000, 0x00000000edb00000| Untracked 
| 220|0x00000000edc00000, 0x00000000edc00000, 0x00000000edd00000|  0%| F|  |TAMS 0x00000000edc00000, 0x00000000edc00000| Untracked 
| 221|0x00000000edd00000, 0x00000000edd00000, 0x00000000ede00000|  0%| F|  |TAMS 0x00000000edd00000, 0x00000000edd00000| Untracked 
| 222|0x00000000ede00000, 0x00000000ede00000, 0x00000000edf00000|  0%| F|  |TAMS 0x00000000ede00000, 0x00000000ede00000| Untracked 
| 223|0x00000000edf00000, 0x00000000edf00000, 0x00000000ee000000|  0%| F|  |TAMS 0x00000000edf00000, 0x00000000edf00000| Untracked 
| 224|0x00000000ee000000, 0x00000000ee000000, 0x00000000ee100000|  0%| F|  |TAMS 0x00000000ee000000, 0x00000000ee000000| Untracked 
| 225|0x00000000ee100000, 0x00000000ee100000, 0x00000000ee200000|  0%| F|  |TAMS 0x00000000ee100000, 0x00000000ee100000| Untracked 
| 226|0x00000000ee200000, 0x00000000ee26dbe0, 0x00000000ee300000| 42%| E|  |TAMS 0x00000000ee200000, 0x00000000ee200000| Complete 
| 227|0x00000000ee300000, 0x00000000ee400000, 0x00000000ee400000|100%| E|CS|TAMS 0x00000000ee300000, 0x00000000ee300000| Complete 
| 228|0x00000000ee400000, 0x00000000ee500000, 0x00000000ee500000|100%| E|CS|TAMS 0x00000000ee400000, 0x00000000ee400000| Complete 
| 229|0x00000000ee500000, 0x00000000ee600000, 0x00000000ee600000|100%| E|CS|TAMS 0x00000000ee500000, 0x00000000ee500000| Complete 
| 230|0x00000000ee600000, 0x00000000ee700000, 0x00000000ee700000|100%| E|CS|TAMS 0x00000000ee600000, 0x00000000ee600000| Complete 
| 231|0x00000000ee700000, 0x00000000ee800000, 0x00000000ee800000|100%| E|CS|TAMS 0x00000000ee700000, 0x00000000ee700000| Complete 
| 232|0x00000000ee800000, 0x00000000ee900000, 0x00000000ee900000|100%| E|CS|TAMS 0x00000000ee800000, 0x00000000ee800000| Complete 
| 233|0x00000000ee900000, 0x00000000eea00000, 0x00000000eea00000|100%| E|CS|TAMS 0x00000000ee900000, 0x00000000ee900000| Complete 
| 234|0x00000000eea00000, 0x00000000eeb00000, 0x00000000eeb00000|100%| E|  |TAMS 0x00000000eea00000, 0x00000000eea00000| Complete 
| 235|0x00000000eeb00000, 0x00000000eec00000, 0x00000000eec00000|100%| E|CS|TAMS 0x00000000eeb00000, 0x00000000eeb00000| Complete 
| 236|0x00000000eec00000, 0x00000000eed00000, 0x00000000eed00000|100%| E|CS|TAMS 0x00000000eec00000, 0x00000000eec00000| Complete 
| 237|0x00000000eed00000, 0x00000000eee00000, 0x00000000eee00000|100%| E|CS|TAMS 0x00000000eed00000, 0x00000000eed00000| Complete 
| 238|0x00000000eee00000, 0x00000000eef00000, 0x00000000eef00000|100%| E|CS|TAMS 0x00000000eee00000, 0x00000000eee00000| Complete 
| 239|0x00000000eef00000, 0x00000000ef000000, 0x00000000ef000000|100%| E|CS|TAMS 0x00000000eef00000, 0x00000000eef00000| Complete 
| 240|0x00000000ef000000, 0x00000000ef100000, 0x00000000ef100000|100%| E|CS|TAMS 0x00000000ef000000, 0x00000000ef000000| Complete 
| 241|0x00000000ef100000, 0x00000000ef200000, 0x00000000ef200000|100%| E|CS|TAMS 0x00000000ef100000, 0x00000000ef100000| Complete 
| 242|0x00000000ef200000, 0x00000000ef300000, 0x00000000ef300000|100%| E|CS|TAMS 0x00000000ef200000, 0x00000000ef200000| Complete 
| 243|0x00000000ef300000, 0x00000000ef400000, 0x00000000ef400000|100%| E|CS|TAMS 0x00000000ef300000, 0x00000000ef300000| Complete 
| 244|0x00000000ef400000, 0x00000000ef500000, 0x00000000ef500000|100%| E|CS|TAMS 0x00000000ef400000, 0x00000000ef400000| Complete 
| 245|0x00000000ef500000, 0x00000000ef600000, 0x00000000ef600000|100%| E|CS|TAMS 0x00000000ef500000, 0x00000000ef500000| Complete 
| 246|0x00000000ef600000, 0x00000000ef700000, 0x00000000ef700000|100%| E|CS|TAMS 0x00000000ef600000, 0x00000000ef600000| Complete 
| 247|0x00000000ef700000, 0x00000000ef800000, 0x00000000ef800000|100%| E|CS|TAMS 0x00000000ef700000, 0x00000000ef700000| Complete 
| 248|0x00000000ef800000, 0x00000000ef900000, 0x00000000ef900000|100%| E|CS|TAMS 0x00000000ef800000, 0x00000000ef800000| Complete 
| 249|0x00000000ef900000, 0x00000000efa00000, 0x00000000efa00000|100%| E|CS|TAMS 0x00000000ef900000, 0x00000000ef900000| Complete 
| 250|0x00000000efa00000, 0x00000000efb00000, 0x00000000efb00000|100%| E|CS|TAMS 0x00000000efa00000, 0x00000000efa00000| Complete 
| 251|0x00000000efb00000, 0x00000000efc00000, 0x00000000efc00000|100%| E|CS|TAMS 0x00000000efb00000, 0x00000000efb00000| Complete 

Card table byte_map: [0x000002bce7ed0000,0x000002bce7fd0000] _byte_map_base: 0x000002bce77d0000

Marking Bits (Prev, Next): (CMBitMap*) 0x000002bcd2966150, (CMBitMap*) 0x000002bcd2966118
 Prev Bits: [0x000002bce88d0000, 0x000002bce90d0000)
 Next Bits: [0x000002bce80d0000, 0x000002bce88d0000)

Polling page: 0x000002bcd28e0000

Metaspace:

Usage:
  Non-class:     62.50 MB capacity,    61.40 MB ( 98%) used,   876.10 KB (  1%) free+waste,   248.88 KB ( <1%) overhead. 
      Class:      8.49 MB capacity,     7.66 MB ( 90%) used,   736.91 KB (  8%) free+waste,   117.13 KB (  1%) overhead. 
       Both:     70.99 MB capacity,    69.06 MB ( 97%) used,     1.58 MB (  2%) free+waste,   366.00 KB ( <1%) overhead. 

Virtual space:
  Non-class space:       64.00 MB reserved,      62.65 MB ( 98%) committed 
      Class space:        1.00 GB reserved,       8.50 MB ( <1%) committed 
             Both:        1.06 GB reserved,      71.15 MB (  7%) committed 

Chunk freelists:
   Non-Class:  89.00 KB
       Class:  10.00 KB
        Both:  99.00 KB

CodeHeap 'non-profiled nmethods': size=120000Kb used=5697Kb max_used=5697Kb free=114302Kb
 bounds [0x000002bcdfe30000, 0x000002bce03d0000, 0x000002bce7360000]
CodeHeap 'profiled nmethods': size=120000Kb used=21230Kb max_used=21230Kb free=98769Kb
 bounds [0x000002bcd8900000, 0x000002bcd9dd0000, 0x000002bcdfe30000]
CodeHeap 'non-nmethods': size=5760Kb used=1653Kb max_used=1714Kb free=4106Kb
 bounds [0x000002bcd8360000, 0x000002bcd85d0000, 0x000002bcd8900000]
 total_blobs=13152 nmethods=8404 adapters=1155
 compilation: enabled
              stopped_count=0, restarted_count=0
 full_count=0

Compilation events (10 events):
Event: 205.960 Thread 0x000002bcec3a0800 9100       3       com.sun.jna.Memory::write (21 bytes)
Event: 205.961 Thread 0x000002bcec3a0800 nmethod 9100 0x000002bcd9dc3710 code [0x000002bcd9dc38e0, 0x000002bcd9dc3c00]
Event: 205.961 Thread 0x000002bcec3a0800 9101       3       com.sun.jna.Pointer::write (15 bytes)
Event: 205.962 Thread 0x000002bcec3a0800 nmethod 9101 0x000002bcd9dc3d10 code [0x000002bcd9dc3ec0, 0x000002bcd9dc4070]
Event: 205.974 Thread 0x000002bcec397000 9102       4       java.util.concurrent.ConcurrentHashMap$KeyIterator::next (34 bytes)
Event: 205.999 Thread 0x000002bcec397000 nmethod 9102 0x000002bce03bfc10 code [0x000002bce03bfdc0, 0x000002bce03c01d8]
Event: 205.999 Thread 0x000002bcec397000 9103       4       java.util.Collections$3::hasMoreElements (10 bytes)
Event: 205.999 Thread 0x000002bcec3a0800 9104   !   3       java.util.concurrent.ConcurrentHashMap::putVal (433 bytes)
Event: 206.002 Thread 0x000002bcec397000 nmethod 9103 0x000002bce03c0410 code [0x000002bce03c05a0, 0x000002bce03c0658]
Event: 206.008 Thread 0x000002bcec3a0800 nmethod 9104 0x000002bcd9dc4110 code [0x000002bcd9dc44a0, 0x000002bcd9dc6620]

GC Heap History (10 events):
Event: 12.197 GC heap before
{Heap before GC invocations=11 (full 0):
 garbage-first heap   total 258048K, used 182218K [0x00000000e0000000, 0x0000000100000000)
  region size 1024K, 104 young (106496K), 15 survivors (15360K)
 Metaspace       used 62801K, capacity 64635K, committed 64792K, reserved 1105920K
  class space    used 7289K, capacity 8034K, committed 8064K, reserved 1048576K
}
Event: 12.223 GC heap after
{Heap after GC invocations=12 (full 0):
 garbage-first heap   total 258048K, used 132041K [0x00000000e0000000, 0x0000000100000000)
  region size 1024K, 13 young (13312K), 13 survivors (13312K)
 Metaspace       used 62801K, capacity 64635K, committed 64792K, reserved 1105920K
  class space    used 7289K, capacity 8034K, committed 8064K, reserved 1048576K
}
Event: 12.594 GC heap before
{Heap before GC invocations=12 (full 0):
 garbage-first heap   total 258048K, used 162761K [0x00000000e0000000, 0x0000000100000000)
  region size 1024K, 44 young (45056K), 13 survivors (13312K)
 Metaspace       used 64286K, capacity 66266K, committed 66456K, reserved 1107968K
  class space    used 7491K, capacity 8352K, committed 8448K, reserved 1048576K
}
Event: 12.605 GC heap after
{Heap after GC invocations=13 (full 0):
 garbage-first heap   total 258048K, used 135168K [0x00000000e0000000, 0x0000000100000000)
  region size 1024K, 3 young (3072K), 3 survivors (3072K)
 Metaspace       used 64286K, capacity 66266K, committed 66456K, reserved 1107968K
  class space    used 7491K, capacity 8352K, committed 8448K, reserved 1048576K
}
Event: 15.184 GC heap before
{Heap before GC invocations=14 (full 0):
 garbage-first heap   total 258048K, used 165888K [0x00000000e0000000, 0x0000000100000000)
  region size 1024K, 52 young (53248K), 3 survivors (3072K)
 Metaspace       used 69278K, capacity 71346K, committed 71576K, reserved 1112064K
  class space    used 7808K, capacity 8654K, committed 8704K, reserved 1048576K
}
Event: 15.189 GC heap after
{Heap after GC invocations=15 (full 0):
 garbage-first heap   total 258048K, used 122880K [0x00000000e0000000, 0x0000000100000000)
  region size 1024K, 7 young (7168K), 7 survivors (7168K)
 Metaspace       used 69278K, capacity 71346K, committed 71576K, reserved 1112064K
  class space    used 7808K, capacity 8654K, committed 8704K, reserved 1048576K
}
Event: 15.355 GC heap before
{Heap before GC invocations=15 (full 0):
 garbage-first heap   total 258048K, used 132096K [0x00000000e0000000, 0x0000000100000000)
  region size 1024K, 18 young (18432K), 7 survivors (7168K)
 Metaspace       used 69408K, capacity 71365K, committed 71576K, reserved 1112064K
  class space    used 7815K, capacity 8660K, committed 8704K, reserved 1048576K
}
Event: 15.362 GC heap after
{Heap after GC invocations=16 (full 0):
 garbage-first heap   total 258048K, used 125207K [0x00000000e0000000, 0x0000000100000000)
  region size 1024K, 6 young (6144K), 6 survivors (6144K)
 Metaspace       used 69408K, capacity 71365K, committed 71576K, reserved 1112064K
  class space    used 7815K, capacity 8660K, committed 8704K, reserved 1048576K
}
Event: 147.476 GC heap before
{Heap before GC invocations=17 (full 0):
 garbage-first heap   total 258048K, used 169239K [0x00000000e0000000, 0x0000000100000000)
  region size 1024K, 50 young (51200K), 6 survivors (6144K)
 Metaspace       used 70423K, capacity 72437K, committed 72600K, reserved 1114112K
  class space    used 7831K, capacity 8694K, committed 8704K, reserved 1048576K
}
Event: 147.497 GC heap after
{Heap after GC invocations=18 (full 0):
 garbage-first heap   total 258048K, used 128241K [0x00000000e0000000, 0x0000000100000000)
  region size 1024K, 6 young (6144K), 6 survivors (6144K)
 Metaspace       used 70423K, capacity 72437K, committed 72600K, reserved 1114112K
  class space    used 7831K, capacity 8694K, committed 8704K, reserved 1048576K
}

Deoptimization events (10 events):
Event: 205.974 Thread 0x000002bcf665c000 DEOPT PACKING pc=0x000002bce01d0900 sp=0x000000dc26f0ee30
Event: 205.974 Thread 0x000002bcf665c000 DEOPT UNPACKING pc=0x000002bcd8388f2f sp=0x000000dc26f0edf0 mode 2
Event: 205.981 Thread 0x000002bcf6664800 Uncommon trap: trap_request=0xffffff4d fr.pc=0x000002bce036f0c4 relative=0x0000000000000504
Event: 205.981 Thread 0x000002bcf6664800 Uncommon trap: reason=unstable_if action=reinterpret pc=0x000002bce036f0c4 method=jogamp.common.util.locks.RecursiveLockImpl01Unfairish.unlock(Ljava/lang/Runnable;)V @ 34 c2
Event: 205.981 Thread 0x000002bcf6664800 DEOPT PACKING pc=0x000002bce036f0c4 sp=0x000000dc2488f160
Event: 205.981 Thread 0x000002bcf6664800 DEOPT UNPACKING pc=0x000002bcd8388f2f sp=0x000000dc2488f128 mode 2
Event: 206.047 Thread 0x000002bcf41c1000 Uncommon trap: trap_request=0xffffff4d fr.pc=0x000002bce03a8198 relative=0x0000000000000dd8
Event: 206.047 Thread 0x000002bcf41c1000 Uncommon trap: reason=unstable_if action=reinterpret pc=0x000002bce03a8198 method=sun.java2d.d3d.D3DScreenUpdateManager.createGraphics(Lsun/java2d/SurfaceData;Lsun/awt/windows/WComponentPeer;Ljava/awt/Color;Ljava/awt/Color;Ljava/awt/Font;)Ljava/awt/Graphi
Event: 206.047 Thread 0x000002bcf41c1000 DEOPT PACKING pc=0x000002bce03a8198 sp=0x000000dc27d7f3a0
Event: 206.047 Thread 0x000002bcf41c1000 DEOPT UNPACKING pc=0x000002bcd8388f2f sp=0x000000dc27d7f268 mode 2

Classes redefined (0 events):
No events

Internal exceptions (10 events):
Event: 12.546 Thread 0x000002bcf41c1000 Exception <a 'java/lang/NoSuchMethodError'{0x00000000ee074188}: 'void java.lang.invoke.DirectMethodHandle$Holder.invokeStatic(java.lang.Object, long)'> (0x00000000ee074188) thrown at [c:/cygwin64/tmp/openjdk-jdk11u-windows-x64-hotspot/workspace/build/src/
Event: 12.547 Thread 0x000002bcf41c1000 Exception <a 'java/lang/NoSuchMethodError'{0x00000000ee079338}: 'java.lang.Object java.lang.invoke.DirectMethodHandle$Holder.invokeStatic(java.lang.Object, long)'> (0x00000000ee079338) thrown at [c:/cygwin64/tmp/openjdk-jdk11u-windows-x64-hotspot/workspac
Event: 12.547 Thread 0x000002bcf41c1000 Exception <a 'java/lang/NoSuchMethodError'{0x00000000ee07c660}: 'java.lang.Object java.lang.invoke.DirectMethodHandle$Holder.invokeSpecial(java.lang.Object, java.lang.Object, long)'> (0x00000000ee07c660) thrown at [c:/cygwin64/tmp/openjdk-jdk11u-windows-x
Event: 12.548 Thread 0x000002bcf2833800 Exception <a 'java/lang/NoSuchMethodError'{0x00000000eded52b0}: 'java.lang.Object java.lang.invoke.DirectMethodHandle$Holder.invokeSpecial(java.lang.Object, java.lang.Object, int, int, java.lang.Object, java.lang.Object, java.lang.Object, java.lang.Object
Event: 12.548 Thread 0x000002bcf2833800 Exception <a 'java/lang/NoSuchMethodError'{0x00000000eded9488}: 'java.lang.Object java.lang.invoke.DelegatingMethodHandle$Holder.reinvoke_L(java.lang.Object, int, int, java.lang.Object, java.lang.Object, java.lang.Object, java.lang.Object, int, java.lang.
Event: 12.550 Thread 0x000002bcf41c1000 Exception <a 'java/lang/NoSuchMethodError'{0x00000000edeff478}: 'java.lang.Object java.lang.invoke.DirectMethodHandle$Holder.invokeStaticInit(java.lang.Object, java.lang.Object, long, java.lang.Object)'> (0x00000000edeff478) thrown at [c:/cygwin64/tmp/ope
Event: 12.552 Thread 0x000002bcf2833800 Exception <a 'java/lang/NoSuchMethodError'{0x00000000edd39cb8}: 'java.lang.Object java.lang.invoke.DelegatingMethodHandle$Holder.reinvoke_L(java.lang.Object, java.lang.Object, java.lang.Object, java.lang.Object, java.lang.Object, int, java.lang.Object, ja
Event: 12.590 Thread 0x000002bcf41c1000 Implicit null exception at 0x000002bce00c106a to 0x000002bce00c1c4e
Event: 14.586 Thread 0x000002bcf41c1000 Exception <a 'java/lang/NullPointerException'{0x00000000ee4cb720}> (0x00000000ee4cb720) thrown at [c:/cygwin64/tmp/openjdk-jdk11u-windows-x64-hotspot/workspace/build/src/src/hotspot/share/interpreter/linkResolver.cpp, line 1358]
Event: 41.577 Thread 0x000002bcf665f800 Exception <a 'java/net/SocketTimeoutException'{0x00000000ee300038}: Read timed out> (0x00000000ee300038) thrown at [c:/cygwin64/tmp/openjdk-jdk11u-windows-x64-hotspot/workspace/build/src/src/hotspot/share/prims/jni.cpp, line 636]

Events (10 events):
Event: 205.992 loading class jogamp/opengl/egl/EGLGraphicsConfigurationFactory done
Event: 205.996 loading class com/jogamp/nativewindow/egl/EGLGraphicsDevice
Event: 205.996 loading class com/jogamp/nativewindow/egl/EGLGraphicsDevice done
Event: 205.997 loading class jogamp/opengl/egl/EGLDisplayUtil
Event: 205.997 loading class jogamp/opengl/egl/EGLDisplayUtil done
Event: 205.999 loading class com/jogamp/nativewindow/egl/EGLGraphicsDevice$EGLDisplayLifecycleCallback
Event: 205.999 loading class com/jogamp/nativewindow/egl/EGLGraphicsDevice$EGLDisplayLifecycleCallback done
Event: 206.002 loading class jogamp/opengl/egl/EGLDisplayUtil$1
Event: 206.002 loading class jogamp/opengl/egl/EGLDisplayUtil$1 done
Event: 206.007 Thread 0x000002bcf41be800 Thread exited: 0x000002bcf41be800


Dynamic libraries:
0x00007ff7500c0000 - 0x00007ff75012e000 	C:\Users\Crayo\Documents\Prototyping\api_lab\admirable_hippos\Admirable-hippos\auto_login\runelite\RuneLite.exe
0x00007ffcbcc60000 - 0x00007ffcbce4d000 	C:\windows\SYSTEM32\ntdll.dll
0x00007ffcb9e80000 - 0x00007ffcb9f33000 	C:\windows\System32\KERNEL32.DLL
0x00007ffcb9b40000 - 0x00007ffcb9dd3000 	C:\windows\System32\KERNELBASE.dll
0x00007ffc56660000 - 0x00007ffc57116000 	C:\Users\Crayo\Documents\Prototyping\api_lab\admirable_hippos\Admirable-hippos\auto_login\runelite\jre\bin\server\jvm.dll
0x00007ffcbbc40000 - 0x00007ffcbbdd7000 	C:\windows\System32\USER32.dll
0x00007ffcb9640000 - 0x00007ffcb9660000 	C:\windows\System32\win32u.dll
0x00007ffcb9f40000 - 0x00007ffcb9f69000 	C:\windows\System32\GDI32.dll
0x00007ffcb9920000 - 0x00007ffcb9ab9000 	C:\windows\System32\gdi32full.dll
0x00007ffcb9de0000 - 0x00007ffcb9e80000 	C:\windows\System32\msvcp_win.dll
0x00007ffcb8dd0000 - 0x00007ffcb8eca000 	C:\windows\System32\ucrtbase.dll
0x00007ffcba450000 - 0x00007ffcba4f3000 	C:\windows\System32\ADVAPI32.dll
0x00007ffcbcb10000 - 0x00007ffcbcbae000 	C:\windows\System32\msvcrt.dll
0x00007ffcba560000 - 0x00007ffcba5fe000 	C:\windows\System32\sechost.dll
0x00007ffcbc260000 - 0x00007ffcbc382000 	C:\windows\System32\RPCRT4.dll
0x00007ffcbcaf0000 - 0x00007ffcbcaf8000 	C:\windows\System32\PSAPI.DLL
0x00007ffc9d080000 - 0x00007ffc9d089000 	C:\windows\SYSTEM32\WSOCK32.dll
0x00007ffcb29d0000 - 0x00007ffcb29da000 	C:\windows\SYSTEM32\VERSION.dll
0x00007ffca7b30000 - 0x00007ffca7b54000 	C:\windows\SYSTEM32\WINMM.dll
0x00007ffcbc460000 - 0x00007ffcbc4cd000 	C:\windows\System32\WS2_32.dll
0x00007ffca3090000 - 0x00007ffca30a6000 	C:\windows\SYSTEM32\VCRUNTIME140.dll
0x00007ffca7b00000 - 0x00007ffca7b2d000 	C:\windows\SYSTEM32\winmmbase.dll
0x00007ffcb9840000 - 0x00007ffcb988a000 	C:\windows\System32\cfgmgr32.dll
0x00007ffcbc8c0000 - 0x00007ffcbc8ee000 	C:\windows\System32\IMM32.DLL
0x00007ffcb5310000 - 0x00007ffcb5320000 	C:\Users\Crayo\Documents\Prototyping\api_lab\admirable_hippos\Admirable-hippos\auto_login\runelite\jre\bin\verify.dll
0x00007ffcb74e0000 - 0x00007ffcb76cd000 	C:\windows\SYSTEM32\DBGHELP.DLL
0x00007ffca9390000 - 0x00007ffca93ba000 	C:\windows\SYSTEM32\dbgcore.DLL
0x00007ffcac1d0000 - 0x00007ffcac1f8000 	C:\Users\Crayo\Documents\Prototyping\api_lab\admirable_hippos\Admirable-hippos\auto_login\runelite\jre\bin\java.dll
0x00007ffcaa2e0000 - 0x00007ffcaa2f6000 	C:\Users\Crayo\Documents\Prototyping\api_lab\admirable_hippos\Admirable-hippos\auto_login\runelite\jre\bin\zip.dll
0x00007ffcb30b0000 - 0x00007ffcb30ba000 	C:\Users\Crayo\Documents\Prototyping\api_lab\admirable_hippos\Admirable-hippos\auto_login\runelite\jre\bin\jimage.dll
0x00007ffcb8cb0000 - 0x00007ffcb8cc1000 	C:\windows\System32\kernel.appcore.dll
0x00007ffcba730000 - 0x00007ffcbbc24000 	C:\windows\System32\SHELL32.dll
0x00007ffcbc8f0000 - 0x00007ffcbc998000 	C:\windows\System32\shcore.dll
0x00007ffcbc590000 - 0x00007ffcbc8bc000 	C:\windows\System32\combase.dll
0x00007ffcb9ac0000 - 0x00007ffcb9b3e000 	C:\windows\System32\bcryptPrimitives.dll
0x00007ffcb8ed0000 - 0x00007ffcb961d000 	C:\windows\System32\windows.storage.dll
0x00007ffcb8cd0000 - 0x00007ffcb8cf4000 	C:\windows\System32\profapi.dll
0x00007ffcb8c50000 - 0x00007ffcb8cad000 	C:\windows\System32\powrprof.dll
0x00007ffcba500000 - 0x00007ffcba552000 	C:\windows\System32\shlwapi.dll
0x00007ffcb9620000 - 0x00007ffcb9637000 	C:\windows\System32\cryptsp.dll
0x00007ffca93c0000 - 0x00007ffca93d9000 	C:\Users\Crayo\Documents\Prototyping\api_lab\admirable_hippos\Admirable-hippos\auto_login\RuneLite\jre\bin\net.dll
0x00007ffcb6290000 - 0x00007ffcb6382000 	C:\windows\SYSTEM32\WINHTTP.dll
0x00007ffc9e360000 - 0x00007ffc9e538000 	C:\windows\SYSTEM32\urlmon.dll
0x00007ffcaa670000 - 0x00007ffcaa918000 	C:\windows\SYSTEM32\iertutil.dll
0x00007ffcb8690000 - 0x00007ffcb869c000 	C:\windows\SYSTEM32\CRYPTBASE.DLL
0x00007ffcb84c0000 - 0x00007ffcb8527000 	C:\windows\system32\mswsock.dll
0x00007ffca8b40000 - 0x00007ffca8b52000 	C:\Users\Crayo\Documents\Prototyping\api_lab\admirable_hippos\Admirable-hippos\auto_login\RuneLite\jre\bin\nio.dll
0x00007ffc9ffa0000 - 0x00007ffca0139000 	C:\Users\Crayo\Documents\Prototyping\api_lab\admirable_hippos\Admirable-hippos\auto_login\RuneLite\jre\bin\awt.dll
0x00007ffcbc9a0000 - 0x00007ffcbca64000 	C:\windows\System32\OLEAUT32.dll
0x00007ffcb3830000 - 0x00007ffcb3dee000 	C:\windows\SYSTEM32\d2d1.dll
0x00007ffca2ff0000 - 0x00007ffca3089000 	C:\windows\SYSTEM32\MSVCP140.dll
0x00007ffcb4bb0000 - 0x00007ffcb4c3c000 	C:\windows\SYSTEM32\apphelp.dll
0x00007ffca2870000 - 0x00007ffca2919000 	C:\windows\WinSxS\amd64_microsoft.windows.common-controls_6595b64144ccf1df_5.82.17763.1039_none_6d03d1e059fbe4dc\COMCTL32.dll
0x00007ffcb6d20000 - 0x00007ffcb6dbc000 	C:\windows\system32\uxtheme.dll
0x00007ffcb9f70000 - 0x00007ffcba0dc000 	C:\windows\System32\MSCTF.dll
0x00007ffcb7130000 - 0x00007ffcb715e000 	C:\windows\system32\dwmapi.dll
0x00007ffcb9660000 - 0x00007ffcb983c000 	C:\windows\System32\CRYPT32.dll
0x00007ffcb8d00000 - 0x00007ffcb8d12000 	C:\windows\System32\MSASN1.dll
0x00007ffcba0e0000 - 0x00007ffcba235000 	C:\windows\System32\ole32.dll
0x00007ffc88270000 - 0x00007ffc88397000 	C:\windows\system32\opengl32.dll
0x00007ffc88240000 - 0x00007ffc8826c000 	C:\windows\SYSTEM32\GLU32.dll
0x00007ffcb8040000 - 0x00007ffcb8073000 	C:\windows\system32\rsaenh.dll
0x00007ffcb98f0000 - 0x00007ffcb9916000 	C:\windows\System32\bcrypt.dll
0x00007ffcb8b80000 - 0x00007ffcb8ba8000 	C:\windows\SYSTEM32\USERENV.dll
0x00007ffcb81e0000 - 0x00007ffcb821d000 	C:\windows\SYSTEM32\IPHLPAPI.DLL
0x00007ffcbcb00000 - 0x00007ffcbcb08000 	C:\windows\System32\NSI.dll
0x00007ffcb1c00000 - 0x00007ffcb1c16000 	C:\windows\SYSTEM32\dhcpcsvc6.DLL
0x00007ffcb2960000 - 0x00007ffcb297c000 	C:\windows\SYSTEM32\dhcpcsvc.DLL
0x00007ffcb8230000 - 0x00007ffcb82f6000 	C:\windows\SYSTEM32\DNSAPI.dll
0x00007ffca8ac0000 - 0x00007ffca8b40000 	C:\Users\Crayo\Documents\Prototyping\api_lab\admirable_hippos\Admirable-hippos\auto_login\RuneLite\jre\bin\freetype.dll
0x00007ffca0a40000 - 0x00007ffca0ae6000 	C:\Users\Crayo\Documents\Prototyping\api_lab\admirable_hippos\Admirable-hippos\auto_login\RuneLite\jre\bin\fontmanager.dll
0x00007ffc9fc10000 - 0x00007ffc9fca5000 	C:\windows\System32\TextInputFramework.dll
0x00007ffca72b0000 - 0x00007ffca75d2000 	C:\windows\System32\CoreUIComponents.dll
0x00007ffcb4420000 - 0x00007ffcb4502000 	C:\windows\System32\CoreMessaging.dll
0x00007ffcb7cc0000 - 0x00007ffcb7cf1000 	C:\windows\SYSTEM32\ntmarta.dll
0x00007ffcb5600000 - 0x00007ffcb5753000 	C:\windows\SYSTEM32\wintypes.dll
0x00007ffca1ff0000 - 0x00007ffca205c000 	C:\windows\system32\Oleacc.dll
0x00007ffca1990000 - 0x00007ffca19b6000 	C:\Users\Crayo\Documents\Prototyping\api_lab\admirable_hippos\Admirable-hippos\auto_login\RuneLite\jre\bin\sunec.dll
0x00007ffcab700000 - 0x00007ffcab779000 	C:\windows\System32\fwpuclnt.dll
0x00007ffcabaa0000 - 0x00007ffcabaaa000 	C:\Windows\System32\rasadhlp.dll
0x00007ffcb2ff0000 - 0x00007ffcb2ffd000 	C:\Users\Crayo\Documents\Prototyping\api_lab\admirable_hippos\Admirable-hippos\auto_login\RuneLite\jre\bin\sunmscapi.dll
0x00007ffcb8790000 - 0x00007ffcb87b6000 	C:\windows\SYSTEM32\ncrypt.dll
0x00007ffcb8750000 - 0x00007ffcb878c000 	C:\windows\SYSTEM32\NTASN1.dll
0x00007ffc9d830000 - 0x00007ffc9d872000 	C:\Users\Crayo\AppData\Local\Temp\jna-65369160\jna13777654147442638568.dll
0x00007ffc98f40000 - 0x00007ffc98fdc000 	C:\Users\Crayo\AppData\Local\Temp\jna-65369160\jna13414100547082642276.dll
0x00007ffc9ff20000 - 0x00007ffc9ff9f000 	C:\Users\Crayo\Documents\Prototyping\api_lab\admirable_hippos\Admirable-hippos\auto_login\RuneLite\jre\bin\mlib_image.dll
0x00007ffcb54f0000 - 0x00007ffcb54fb000 	C:\windows\SYSTEM32\WINNSI.DLL
0x00007ffca1440000 - 0x00007ffca146d000 	C:\Users\Crayo\Documents\Prototyping\api_lab\admirable_hippos\Admirable-hippos\auto_login\RuneLite\jre\bin\javajpeg.dll
0x00007ffc9d8d0000 - 0x00007ffc9d90f000 	C:\Users\Crayo\Documents\Prototyping\api_lab\admirable_hippos\Admirable-hippos\auto_login\RuneLite\jre\bin\lcms.dll
0x00007ffcb2fc0000 - 0x00007ffcb2fc9000 	C:\Users\Crayo\Documents\Prototyping\api_lab\admirable_hippos\Admirable-hippos\auto_login\RuneLite\jre\bin\management.dll
0x00007ffcaf260000 - 0x00007ffcaf26b000 	C:\Users\Crayo\Documents\Prototyping\api_lab\admirable_hippos\Admirable-hippos\auto_login\RuneLite\jre\bin\management_ext.dll
0x00007ffcbc3b0000 - 0x00007ffcbc452000 	C:\windows\System32\clbcatq.dll
0x00007ffcab270000 - 0x00007ffcab4e9000 	C:\windows\WinSxS\amd64_microsoft.windows.common-controls_6595b64144ccf1df_6.0.17763.1039_none_de701650534c7021\comctl32.dll
0x00007ffcb69b0000 - 0x00007ffcb6b68000 	C:\windows\SYSTEM32\WindowsCodecs.dll
0x00007ffc8add0000 - 0x00007ffc8ae26000 	C:\windows\system32\dataexchange.dll
0x00007ffcb4250000 - 0x00007ffcb4413000 	C:\windows\system32\dcomp.dll
0x00007ffcb4f20000 - 0x00007ffcb519e000 	C:\windows\system32\d3d11.dll
0x00007ffcb7980000 - 0x00007ffcb7a42000 	C:\windows\system32\dxgi.dll
0x00007ffcb6df0000 - 0x00007ffcb6ffd000 	C:\windows\system32\twinapi.appcore.dll
0x00007ffcb7000000 - 0x00007ffcb7028000 	C:\windows\system32\RMCLIENT.dll
0x00007ffc88bb0000 - 0x00007ffc88c5d000 	C:\windows\SYSTEM32\mscms.dll
0x00007ffc931a0000 - 0x00007ffc931b0000 	C:\windows\SYSTEM32\ColorAdapterClient.dll
0x00007ffc9d880000 - 0x00007ffc9d8c3000 	C:\windows\SYSTEM32\icm32.dll
0x00000000637c0000 - 0x00000000637cd000 	C:\Users\Crayo\AppData\Local\Temp\jogamp_0000\file_cache\jln11252344349059737055\jln8055018090546813623\natives\windows-amd64\gluegen-rt.dll
0x00007ffcab650000 - 0x00007ffcab657000 	C:\Users\Crayo\Documents\Prototyping\api_lab\admirable_hippos\Admirable-hippos\auto_login\RuneLite\jre\bin\jawt.dll
0x000000006a440000 - 0x000000006a44d000 	C:\Users\Crayo\AppData\Local\Temp\jogamp_0000\file_cache\jln11252344349059737055\jln8055018090546813623\natives\windows-amd64\nativewindow_awt.dll
0x000000006c100000 - 0x000000006c10f000 	C:\Users\Crayo\AppData\Local\Temp\jogamp_0000\file_cache\jln11252344349059737055\jln8055018090546813623\natives\windows-amd64\nativewindow_win32.dll
0x0000000064500000 - 0x00000000645b1000 	C:\Users\Crayo\AppData\Local\Temp\jogamp_0000\file_cache\jln11252344349059737055\jln8055018090546813623\natives\windows-amd64\jogl_desktop.dll
0x0000000064340000 - 0x00000000643a2000 	C:\Users\Crayo\AppData\Local\Temp\jogamp_0000\file_cache\jln11252344349059737055\jln8055018090546813623\natives\windows-amd64\jogl_mobile.dll
0x00007ffc557f0000 - 0x00007ffc5665e000 	C:\windows\System32\DriverStore\FileRepository\iigd_dc_base.inf_amd64_2062e8fe2d429469\ig9icd64.dll
0x00007ffc98fe0000 - 0x00007ffc990c1000 	C:\windows\System32\DriverStore\FileRepository\iigd_dc_base.inf_amd64_2062e8fe2d429469\igdgmm64.dll
0x00007ffca3470000 - 0x00007ffca53a9000 	C:\windows\System32\DriverStore\FileRepository\iigd_dc_base.inf_amd64_2062e8fe2d429469\igc64.dll
0x00007ffca2f00000 - 0x00007ffca2f11000 	C:\Users\Crayo\Documents\Prototyping\api_lab\admirable_hippos\Admirable-hippos\auto_login\RuneLite\jre\bin\jsound.dll
0x00007ffca1d40000 - 0x00007ffca1dd6000 	C:\windows\SYSTEM32\DSOUND.dll
0x00007ffca8740000 - 0x00007ffca87b0000 	C:\windows\System32\MMDevApi.dll
0x00007ffcb8a60000 - 0x00007ffcb8a89000 	C:\windows\System32\DEVOBJ.dll
0x00007ffcb76d0000 - 0x00007ffcb7879000 	C:\windows\System32\PROPSYS.dll
0x00007ffca2fa0000 - 0x00007ffca2fe4000 	C:\windows\SYSTEM32\wdmaud.drv
0x00007ffcb29c0000 - 0x00007ffcb29c9000 	C:\windows\SYSTEM32\ksuser.dll
0x00007ffcb4b10000 - 0x00007ffcb4b1a000 	C:\windows\SYSTEM32\AVRT.dll
0x00007ffc98320000 - 0x00007ffc98468000 	C:\windows\SYSTEM32\AUDIOSES.DLL
0x00007ffcb3060000 - 0x00007ffcb306d000 	C:\windows\SYSTEM32\msacm32.drv
0x00007ffcb2a70000 - 0x00007ffcb2a8c000 	C:\windows\SYSTEM32\MSACM32.dll
0x00007ffcb3050000 - 0x00007ffcb305a000 	C:\windows\SYSTEM32\midimap.dll
0x00007ffc9fcb0000 - 0x00007ffc9fdea000 	C:\Windows\System32\Windows.UI.dll
0x00007ffc9fb40000 - 0x00007ffc9fc0c000 	C:\Windows\System32\InputHost.dll

dbghelp: loaded successfully - version: 4.0.5 - missing functions: none
symbol engine: initialized successfully - sym options: 0x614 - pdb path: .;C:\Users\Crayo\Documents\Prototyping\api_lab\admirable_hippos\Admirable-hippos\auto_login\runelite;C:\windows\SYSTEM32;C:\Users\Crayo\Documents\Prototyping\api_lab\admirable_hippos\Admirable-hippos\auto_login\runelite\jre\bin\server;C:\Users\Crayo\Documents\Prototyping\api_lab\admirable_hippos\Admirable-hippos\auto_login\runelite\jre\bin;C:\windows\WinSxS\amd64_microsoft.windows.common-controls_6595b64144ccf1df_5.82.17763.1039_none_6d03d1e059fbe4dc;C:\Users\Crayo\AppData\Local\Temp\jna-65369160;C:\windows\WinSxS\amd64_microsoft.windows.common-controls_6595b64144ccf1df_6.0.17763.1039_none_de701650534c7021;C:\Users\Crayo\AppData\Local\Temp\jogamp_0000\file_cache\jln11252344349059737055\jln8055018090546813623\natives\windows-amd64;C:\windows\System32\DriverStore\FileRepository\iigd_dc_base.inf_amd64_2062e8fe2d429469

VM Arguments:
jvm_args: -XX:+DisableAttachMechanism -Drunelite.launcher.nojvm=true -Xmx512m -Xss2m -XX:CompileThreshold=1500 -Djna.nosys=true -Dsun.java2d.noddraw=false -Dsun.java2d.opengl=false -Djava.net.preferIPv4Stack=true -Djava.net.preferIPv4Addresses=true -Drunelite.launcher.version=2.0.2 -XX:ErrorFile=C:\Users\Crayo\.runelite\logs\jvm_crash_pid_%p.log 
java_command: <unknown>
java_class_path (initial): <not set>
Launcher Type: generic

[Global flags]
     intx CICompilerCount                          = 4                                         {product} {ergonomic}
     intx CompileThreshold                         = 1500                                   {pd product} {command line}
     uint ConcGCThreads                            = 2                                         {product} {ergonomic}
     bool DisableAttachMechanism                   = true                                      {product} {command line}
    ccstr ErrorFile                                = C:\Users\Crayo\.runelite\logs\jvm_crash_pid_%p.log            {product} {command line}
     uint G1ConcRefinementThreads                  = 8                                         {product} {ergonomic}
   size_t G1HeapRegionSize                         = 1048576                                   {product} {ergonomic}
    uintx GCDrainStackTargetSize                   = 64                                        {product} {ergonomic}
   size_t InitialHeapSize                          = 264241152                                 {product} {ergonomic}
   size_t MarkStackSize                            = 4194304                                   {product} {ergonomic}
   size_t MaxHeapSize                              = 536870912                                 {product} {command line}
   size_t MaxNewSize                               = 321912832                                 {product} {ergonomic}
   size_t MinHeapDeltaBytes                        = 1048576                                   {product} {ergonomic}
    uintx NonNMethodCodeHeapSize                   = 5835340                                {pd product} {ergonomic}
    uintx NonProfiledCodeHeapSize                  = 122911450                              {pd product} {ergonomic}
    uintx ProfiledCodeHeapSize                     = 122911450                              {pd product} {ergonomic}
    uintx ReservedCodeCacheSize                    = 251658240                              {pd product} {ergonomic}
     bool SegmentedCodeCache                       = true                                      {product} {ergonomic}
     intx ThreadStackSize                          = 2048                                   {pd product} {command line}
     bool UseCompressedClassPointers               = true                                 {lp64_product} {ergonomic}
     bool UseCompressedOops                        = true                                 {lp64_product} {ergonomic}
     bool UseG1GC                                  = true                                      {product} {ergonomic}
     bool UseLargePagesIndividualAllocation        = false                                  {pd product} {ergonomic}

Logging:
Log output configuration:
 #0: stdout all=warning uptime,level,tags
 #1: stderr all=off uptime,level,tags

Environment Variables:
PATH=C:\Python27\;C:\Python27\Scripts;C:\windows\system32;C:\windows;C:\windows\System32\Wbem;C:\windows\System32\WindowsPowerShell\v1.0\;C:\windows\System32\OpenSSH\;C:\Program Files\Intel\WiFi\bin\;C:\Program Files\Common Files\Intel\WirelessCommon\;C:\Program Files\Microsoft VS Code\bin;C:\Program Files\nodejs\;C:\ProgramData\chocolatey\bin;C:\Program Files\Git\cmd;C:\Program Files\RuneLite;C:\Users\Crayo\AppData\Local\Microsoft\WindowsApps;C:\Program Files\JetBrains\PyCharm Community Edition 2019.2.1\bin;C:\Users\Crayo\AppData\Roaming\npm;C:\Program Files\JetBrains\WebStorm 2019.2.4\bin;C:\Users\Crayo\AppData\Local\GitHubDesktop\bin;C:\Users\Crayo\AppData\Local\RuneLite;
USERNAME=Crayo
OS=Windows_NT
PROCESSOR_IDENTIFIER=Intel64 Family 6 Model 142 Stepping 12, GenuineIntel



---------------  S Y S T E M  ---------------

OS: Windows 10 , 64 bit Build 17763 (10.0.17763.475)

CPU:total 8 (initial active 8) (4 cores per cpu, 2 threads per core) family 6 model 142 stepping 12, cmov, cx8, fxsr, mmx, sse, sse2, sse3, ssse3, sse4.1, sse4.2, popcnt, avx, avx2, aes, clmul, erms, 3dnowpref, lzcnt, ht, tsc, tscinvbit, bmi1, bmi2, adx, fma

Memory: 4k page, system-wide physical 16121M (9555M free)
TotalPageFile size 18553M (AvailPageFile size 10517M)
current process WorkingSet (physical memory assigned to process): 537M, peak: 576M
current process commit charge ("private bytes"): 546M, peak: 592M

vm_info: OpenJDK 64-Bit Server VM (11.0.4+11) for windows-amd64 JRE (11.0.4+11), built on Jul 18 2019 06:43:34 by "" with MS VC++ 15.8 (VS2017)

END.
